2023.07.17 19:27:34 INFO  Started: Metals version 0.11.2 in workspace '/home/facundoroot/Documentos/scala/simple' for client coc.nvim 0.0.82.[0m
2023.07.17 19:27:39 INFO  time: initialize in 4.37s[0m
2023.07.17 19:27:39 WARN  Build server is not auto-connectable.[0m
Jul 17, 2023 7:27:40 PM org.eclipse.lsp4j.jsonrpc.RemoteEndpoint handleNotification
WARNING: Notification threw an exception: {
  "jsonrpc": "2.0",
  "method": "textDocument/didOpen",
  "params": {
    "textDocument": {
      "uri": "file:///home/facundoroot/Documentos/scala/simple/src/main/scala/Main.scala",
      "languageId": "scala",
      "version": 2,
      "text": "object Main {\n  def main(args: Array[String]): Unit \u003d {\n    val john \u003d new Person(\"John Doe\", 25)\n    john.sayHello() // Prints: Hello, my name is John Doe and I am 25 years old.\n  }\n\n  class Person(var name: String, var age: Int) {\n    def sayHello() {\n      println(\"Hello, my name is \" + name + \" and I am \" + age + \" years old.\")\n    }\n  }\n}\n\n"
    }
  }
}
java.lang.RuntimeException: java.lang.reflect.InvocationTargetException
	at org.eclipse.lsp4j.jsonrpc.services.GenericEndpoint.lambda$null$0(GenericEndpoint.java:67)
	at org.eclipse.lsp4j.jsonrpc.services.GenericEndpoint.notify(GenericEndpoint.java:152)
	at org.eclipse.lsp4j.jsonrpc.RemoteEndpoint.handleNotification(RemoteEndpoint.java:220)
	at org.eclipse.lsp4j.jsonrpc.RemoteEndpoint.consume(RemoteEndpoint.java:187)
	at org.eclipse.lsp4j.jsonrpc.json.StreamMessageProducer.handleMessage(StreamMessageProducer.java:194)
	at org.eclipse.lsp4j.jsonrpc.json.StreamMessageProducer.listen(StreamMessageProducer.java:94)
	at org.eclipse.lsp4j.jsonrpc.json.ConcurrentMessageProcessor.run(ConcurrentMessageProcessor.java:113)
	at java.util.concurrent.Executors$RunnableAdapter.call(Executors.java:511)
	at java.util.concurrent.FutureTask.run(FutureTask.java:266)
	at java.util.concurrent.ThreadPoolExecutor.runWorker(ThreadPoolExecutor.java:1149)
	at java.util.concurrent.ThreadPoolExecutor$Worker.run(ThreadPoolExecutor.java:624)
	at java.lang.Thread.run(Thread.java:750)
Caused by: java.lang.reflect.InvocationTargetException
	at sun.reflect.NativeMethodAccessorImpl.invoke0(Native Method)
	at sun.reflect.NativeMethodAccessorImpl.invoke(NativeMethodAccessorImpl.java:62)
	at sun.reflect.DelegatingMethodAccessorImpl.invoke(DelegatingMethodAccessorImpl.java:43)
	at java.lang.reflect.Method.invoke(Method.java:498)
	at org.eclipse.lsp4j.jsonrpc.services.GenericEndpoint.lambda$null$0(GenericEndpoint.java:65)
	... 11 more
Caused by: java.nio.file.NoSuchFileException: /home/facundoroot/Documentos/scala/simple/src/main/scala/Main.scala
	at sun.nio.fs.UnixException.translateToIOException(UnixException.java:86)
	at sun.nio.fs.UnixException.rethrowAsIOException(UnixException.java:102)
	at sun.nio.fs.UnixException.rethrowAsIOException(UnixException.java:107)
	at sun.nio.fs.UnixFileSystemProvider.newByteChannel(UnixFileSystemProvider.java:214)
	at java.nio.file.Files.newByteChannel(Files.java:361)
	at java.nio.file.Files.newByteChannel(Files.java:407)
	at java.nio.file.Files.readAllBytes(Files.java:3152)
	at scala.meta.internal.io.PlatformFileIO$.slurp(PlatformFileIO.scala:45)
	at scala.meta.internal.io.FileIO$.slurp(FileIO.scala:24)
	at scala.meta.internal.metals.MetalsLanguageServer.didOpen(MetalsLanguageServer.scala:1041)
	... 16 more

2023.07.17 19:27:50 INFO  running '/usr/lib/jvm/java-8-openjdk-amd64/bin/java -Djline.terminal=jline.UnsupportedTerminal -Dsbt.log.noformat=true -Dfile.encoding=UTF-8 -jar /tmp/metals6962317849059289451/sbt-launch.jar -Dbloop.export-jar-classifiers=sources bloopInstall'[0m
2023.07.17 19:27:50 ERROR [info] [launcher] getting org.scala-sbt sbt 1.9.1  (this may take some time)...[0m
2023.07.17 19:30:23 ERROR downloading https://repo1.maven.org/maven2/org/scala-sbt/sbt/1.9.1/sbt-1.9.1.jar ...[0m
2023.07.17 19:30:23 ERROR downloading https://repo1.maven.org/maven2/org/scala-sbt/io_2.12/1.9.1/io_2.12-1.9.1.jar ...[0m
2023.07.17 19:30:23 ERROR downloading https://repo1.maven.org/maven2/org/scala-sbt/main-settings_2.12/1.9.1/main-settings_2.12-1.9.1.jar ...[0m
2023.07.17 19:30:23 ERROR downloading https://repo1.maven.org/maven2/org/scala-sbt/run_2.12/1.9.1/run_2.12-1.9.1.jar ...[0m
2023.07.17 19:30:23 ERROR downloading https://repo1.maven.org/maven2/org/scala-sbt/actions_2.12/1.9.1/actions_2.12-1.9.1.jar ...[0m
2023.07.17 19:30:23 ERROR :: loading settings :: url = jar:file:/tmp/metals6962317849059289451/sbt-launch.jar!/org/apache/ivy/core/settings/ivysettings.xml[0m
2023.07.17 19:30:23 ERROR downloading https://repo1.maven.org/maven2/org/scala-sbt/logic_2.12/1.9.1/logic_2.12-1.9.1.jar ...[0m
2023.07.17 19:30:23 ERROR downloading https://repo1.maven.org/maven2/org/scala-sbt/main_2.12/1.9.1/main_2.12-1.9.1.jar ...[0m
2023.07.17 19:30:23 ERROR :: loading settings :: url = jar:file:/tmp/metals6962317849059289451/sbt-launch.jar!/org/apache/ivy/core/settings/ivysettings.xml[0m
2023.07.17 19:30:23 ERROR :: loading settings :: url = jar:file:/tmp/metals6962317849059289451/sbt-launch.jar!/org/apache/ivy/core/settings/ivysettings.xml[0m
2023.07.17 19:30:23 ERROR :: loading settings :: url = jar:file:/tmp/metals6962317849059289451/sbt-launch.jar!/org/apache/ivy/core/settings/ivysettings.xml[0m
2023.07.17 19:30:23 ERROR :: loading settings :: url = jar:file:/tmp/metals6962317849059289451/sbt-launch.jar!/org/apache/ivy/core/settings/ivysettings.xml[0m
2023.07.17 19:30:23 ERROR :: loading settings :: url = jar:file:/tmp/metals6962317849059289451/sbt-launch.jar!/org/apache/ivy/core/settings/ivysettings.xml[0m
2023.07.17 19:30:23 ERROR :: loading settings :: url = jar:file:/tmp/metals6962317849059289451/sbt-launch.jar!/org/apache/ivy/core/settings/ivysettings.xml[0m
2023.07.17 19:30:23 ERROR downloading https://repo1.maven.org/maven2/org/scala-sbt/command_2.12/1.9.1/command_2.12-1.9.1.jar ...[0m
2023.07.17 19:30:23 ERROR :: loading settings :: url = jar:file:/tmp/metals6962317849059289451/sbt-launch.jar!/org/apache/ivy/core/settings/ivysettings.xml[0m
2023.07.17 19:30:23 ERROR 	[SUCCESSFUL ] org.scala-sbt#sbt;1.9.1!sbt.jar (836ms)[0m
2023.07.17 19:30:23 ERROR downloading https://repo1.maven.org/maven2/org/scala-sbt/collections_2.12/1.9.1/collections_2.12-1.9.1.jar ...[0m
2023.07.17 19:30:25 ERROR 	[SUCCESSFUL ] org.scala-sbt#logic_2.12;1.9.1!logic_2.12.jar (1435ms)[0m
2023.07.17 19:30:25 ERROR 	[SUCCESSFUL ] org.scala-sbt#run_2.12;1.9.1!run_2.12.jar (1435ms)[0m
2023.07.17 19:30:25 ERROR downloading https://repo1.maven.org/maven2/org/scala-sbt/scripted-plugin_2.12/1.9.1/scripted-plugin_2.12-1.9.1.jar ...[0m
2023.07.17 19:30:25 ERROR downloading https://repo1.maven.org/maven2/org/scala-sbt/zinc-lm-integration_2.12/1.9.1/zinc-lm-integration_2.12-1.9.1.jar ...[0m
2023.07.17 19:30:25 ERROR 	[SUCCESSFUL ] org.scala-sbt#actions_2.12;1.9.1!actions_2.12.jar (1712ms)[0m
2023.07.17 19:30:25 ERROR downloading https://repo1.maven.org/maven2/org/scala-sbt/util-logging_2.12/1.9.1/util-logging_2.12-1.9.1.jar ...[0m
2023.07.17 19:30:25 ERROR 	[SUCCESSFUL ] org.scala-sbt#command_2.12;1.9.1!command_2.12.jar (1815ms)[0m
2023.07.17 19:30:25 ERROR downloading https://repo1.maven.org/maven2/org/scala-sbt/launcher-interface/1.4.2/launcher-interface-1.4.2.jar ...[0m
2023.07.17 19:30:25 ERROR 	[SUCCESSFUL ] org.scala-sbt#collections_2.12;1.9.1!collections_2.12.jar (1084ms)[0m
2023.07.17 19:30:25 ERROR downloading https://repo1.maven.org/maven2/com/github/ben-manes/caffeine/caffeine/2.8.5/caffeine-2.8.5.jar ...[0m
2023.07.17 19:30:25 ERROR 	[SUCCESSFUL ] org.scala-sbt#main-settings_2.12;1.9.1!main-settings_2.12.jar (1995ms)[0m
2023.07.17 19:30:25 ERROR downloading https://repo1.maven.org/maven2/io/get-coursier/lm-coursier-shaded_2.12/2.1.0/lm-coursier-shaded_2.12-2.1.0.jar ...[0m
2023.07.17 19:30:25 ERROR 	[SUCCESSFUL ] org.scala-sbt#io_2.12;1.9.1!io_2.12.jar (2007ms)[0m
2023.07.17 19:30:25 ERROR downloading https://repo1.maven.org/maven2/org/apache/logging/log4j/log4j-api/2.17.1/log4j-api-2.17.1.jar ...[0m
2023.07.17 19:30:25 ERROR 	[SUCCESSFUL ] org.scala-sbt#scripted-plugin_2.12;1.9.1!scripted-plugin_2.12.jar (767ms)[0m
2023.07.17 19:30:25 ERROR downloading https://repo1.maven.org/maven2/org/apache/logging/log4j/log4j-core/2.17.1/log4j-core-2.17.1.jar ...[0m
2023.07.17 19:30:25 ERROR 	[SUCCESSFUL ] org.scala-sbt#zinc-lm-integration_2.12;1.9.1!zinc-lm-integration_2.12.jar (795ms)[0m
2023.07.17 19:30:25 ERROR downloading https://repo1.maven.org/maven2/org/apache/logging/log4j/log4j-slf4j-impl/2.17.1/log4j-slf4j-impl-2.17.1.jar ...[0m
2023.07.17 19:30:26 ERROR 	[SUCCESSFUL ] org.scala-sbt#main_2.12;1.9.1!main_2.12.jar (2438ms)[0m
2023.07.17 19:30:26 ERROR downloading https://repo1.maven.org/maven2/org/scala-sbt/librarymanagement-core_2.12/1.9.1/librarymanagement-core_2.12-1.9.1.jar ...[0m
2023.07.17 19:30:26 ERROR 	[SUCCESSFUL ] org.scala-sbt#launcher-interface;1.4.2!launcher-interface.jar (714ms)[0m
2023.07.17 19:30:26 ERROR downloading https://repo1.maven.org/maven2/org/scala-sbt/librarymanagement-ivy_2.12/1.9.1/librarymanagement-ivy_2.12-1.9.1.jar ...[0m
2023.07.17 19:30:26 ERROR 	[SUCCESSFUL ] org.scala-sbt#util-logging_2.12;1.9.1!util-logging_2.12.jar (938ms)[0m
2023.07.17 19:30:26 ERROR downloading https://repo1.maven.org/maven2/org/scala-sbt/compiler-interface/1.9.2/compiler-interface-1.9.2.jar ...[0m
2023.07.17 19:30:26 ERROR 	[SUCCESSFUL ] org.apache.logging.log4j#log4j-api;2.17.1!log4j-api.jar (830ms)[0m
2023.07.17 19:30:26 ERROR downloading https://repo1.maven.org/maven2/org/scala-sbt/zinc-compile_2.12/1.9.2/zinc-compile_2.12-1.9.2.jar ...[0m
2023.07.17 19:30:26 ERROR 	[SUCCESSFUL ] com.github.ben-manes.caffeine#caffeine;2.8.5!caffeine.jar (991ms)[0m
2023.07.17 19:30:26 ERROR downloading https://repo1.maven.org/maven2/org/scala-sbt/util-relation_2.12/1.9.1/util-relation_2.12-1.9.1.jar ...[0m
2023.07.17 19:30:26 ERROR 	[SUCCESSFUL ] org.apache.logging.log4j#log4j-slf4j-impl;2.17.1!log4j-slf4j-impl.jar (775ms)[0m
2023.07.17 19:30:26 ERROR downloading https://repo1.maven.org/maven2/org/scala-sbt/util-position_2.12/1.9.1/util-position_2.12-1.9.1.jar ...[0m
2023.07.17 19:30:26 ERROR 	[SUCCESSFUL ] org.scala-sbt#librarymanagement-core_2.12;1.9.1!librarymanagement-core_2.12.jar (779ms)[0m
2023.07.17 19:30:26 ERROR downloading https://repo1.maven.org/maven2/com/eed3si9n/sjson-new-scalajson_2.12/0.9.1/sjson-new-scalajson_2.12-0.9.1.jar ...[0m
2023.07.17 19:30:26 ERROR 	[SUCCESSFUL ] org.scala-sbt#compiler-interface;1.9.2!compiler-interface.jar (759ms)[0m
2023.07.17 19:30:26 ERROR downloading https://repo1.maven.org/maven2/org/scala-lang/scala-reflect/2.12.18/scala-reflect-2.12.18.jar ...[0m
2023.07.17 19:30:27 ERROR 	[SUCCESSFUL ] io.get-coursier#lm-coursier-shaded_2.12;2.1.0!lm-coursier-shaded_2.12.jar (1500ms)[0m
2023.07.17 19:30:27 ERROR downloading https://repo1.maven.org/maven2/com/eed3si9n/sjson-new-core_2.12/0.9.1/sjson-new-core_2.12-0.9.1.jar ...[0m
2023.07.17 19:30:27 ERROR 	[SUCCESSFUL ] org.scala-sbt#librarymanagement-ivy_2.12;1.9.1!librarymanagement-ivy_2.12.jar (940ms)[0m
2023.07.17 19:30:27 ERROR downloading https://repo1.maven.org/maven2/com/eed3si9n/shaded-jawn-parser_2.12/0.9.1/shaded-jawn-parser_2.12-0.9.1.jar ...[0m
2023.07.17 19:30:27 ERROR 	[SUCCESSFUL ] org.scala-sbt#zinc-compile_2.12;1.9.2!zinc-compile_2.12.jar (741ms)[0m
2023.07.17 19:30:27 ERROR downloading https://repo1.maven.org/maven2/com/eed3si9n/shaded-scalajson_2.12/1.0.0-M4/shaded-scalajson_2.12-1.0.0-M4.jar ...[0m
2023.07.17 19:30:27 ERROR 	[SUCCESSFUL ] org.scala-sbt#util-relation_2.12;1.9.1!util-relation_2.12.jar (751ms)[0m
2023.07.17 19:30:27 ERROR downloading https://repo1.maven.org/maven2/org/scala-sbt/completion_2.12/1.9.1/completion_2.12-1.9.1.jar ...[0m
2023.07.17 19:30:27 ERROR 	[SUCCESSFUL ] org.apache.logging.log4j#log4j-core;2.17.1!log4j-core.jar (1518ms)[0m
2023.07.17 19:30:27 ERROR downloading https://repo1.maven.org/maven2/org/scala-sbt/task-system_2.12/1.9.1/task-system_2.12-1.9.1.jar ...[0m
2023.07.17 19:30:27 ERROR 	[SUCCESSFUL ] org.scala-sbt#util-position_2.12;1.9.1!util-position_2.12.jar (728ms)[0m
2023.07.17 19:30:27 ERROR downloading https://repo1.maven.org/maven2/org/scala-sbt/tasks_2.12/1.9.1/tasks_2.12-1.9.1.jar ...[0m
2023.07.17 19:30:27 ERROR 	[SUCCESSFUL ] com.eed3si9n#sjson-new-scalajson_2.12;0.9.1!sjson-new-scalajson_2.12.jar (699ms)[0m
2023.07.17 19:30:27 ERROR downloading https://repo1.maven.org/maven2/org/scala-sbt/testing_2.12/1.9.1/testing_2.12-1.9.1.jar ...[0m
2023.07.17 19:30:27 ERROR 	[SUCCESSFUL ] com.eed3si9n#shaded-jawn-parser_2.12;0.9.1!shaded-jawn-parser_2.12.jar (713ms)[0m
2023.07.17 19:30:27 ERROR downloading https://repo1.maven.org/maven2/org/scala-sbt/util-tracking_2.12/1.9.1/util-tracking_2.12-1.9.1.jar ...[0m
2023.07.17 19:30:27 ERROR 	[SUCCESSFUL ] com.eed3si9n#sjson-new-core_2.12;0.9.1!sjson-new-core_2.12.jar (761ms)[0m
2023.07.17 19:30:27 ERROR downloading https://repo1.maven.org/maven2/org/jline/jline-terminal/3.19.0/jline-terminal-3.19.0.jar ...[0m
2023.07.17 19:30:27 ERROR 	[SUCCESSFUL ] com.eed3si9n#shaded-scalajson_2.12;1.0.0-M4!shaded-scalajson_2.12.jar (771ms)[0m
2023.07.17 19:30:27 ERROR downloading https://repo1.maven.org/maven2/org/scala-sbt/zinc-classpath_2.12/1.9.2/zinc-classpath_2.12-1.9.2.jar ...[0m
2023.07.17 19:30:27 ERROR 	[SUCCESSFUL ] org.scala-sbt#completion_2.12;1.9.1!completion_2.12.jar (777ms)[0m
2023.07.17 19:30:27 ERROR downloading https://repo1.maven.org/maven2/org/scala-sbt/zinc-apiinfo_2.12/1.9.2/zinc-apiinfo_2.12-1.9.2.jar ...[0m
2023.07.17 19:30:27 ERROR 	[SUCCESSFUL ] org.scala-sbt#tasks_2.12;1.9.1!tasks_2.12.jar (708ms)[0m
2023.07.17 19:30:27 ERROR downloading https://repo1.maven.org/maven2/org/scala-sbt/zinc_2.12/1.9.2/zinc_2.12-1.9.2.jar ...[0m
2023.07.17 19:30:27 ERROR 	[SUCCESSFUL ] org.scala-sbt#task-system_2.12;1.9.1!task-system_2.12.jar (735ms)[0m
2023.07.17 19:30:27 ERROR downloading https://repo1.maven.org/maven2/org/scala-sbt/util-control_2.12/1.9.1/util-control_2.12-1.9.1.jar ...[0m
2023.07.17 19:30:28 ERROR 	[SUCCESSFUL ] org.scala-lang#scala-reflect;2.12.18!scala-reflect.jar (1155ms)[0m
2023.07.17 19:30:28 ERROR downloading https://repo1.maven.org/maven2/org/scala-sbt/jline/jline/2.14.7-sbt-a1b0ffbb8f64bb820f4f84a0c07a0c0964507493/jline-2.14.7-sbt-a1b0ffbb8f64bb820f4f84a0c07a0c0964507493.jar ...[0m
2023.07.17 19:30:28 ERROR 	[SUCCESSFUL ] org.scala-sbt#testing_2.12;1.9.1!testing_2.12.jar (729ms)[0m
2023.07.17 19:30:28 ERROR downloading https://repo1.maven.org/maven2/org/jline/jline-reader/3.19.0/jline-reader-3.19.0.jar ...[0m
2023.07.17 19:30:28 ERROR 	[SUCCESSFUL ] org.scala-sbt#util-tracking_2.12;1.9.1!util-tracking_2.12.jar (719ms)[0m
2023.07.17 19:30:28 ERROR downloading https://repo1.maven.org/maven2/org/jline/jline-builtins/3.19.0/jline-builtins-3.19.0.jar ...[0m
2023.07.17 19:30:28 ERROR 	[SUCCESSFUL ] org.jline#jline-terminal;3.19.0!jline-terminal.jar (759ms)[0m
2023.07.17 19:30:28 ERROR downloading https://repo1.maven.org/maven2/org/scala-sbt/util-interface/1.9.1/util-interface-1.9.1.jar ...[0m
2023.07.17 19:30:28 ERROR 	[SUCCESSFUL ] org.scala-sbt#zinc-classpath_2.12;1.9.2!zinc-classpath_2.12.jar (797ms)[0m
2023.07.17 19:30:28 ERROR downloading https://repo1.maven.org/maven2/org/scala-sbt/core-macros_2.12/1.9.1/core-macros_2.12-1.9.1.jar ...[0m
2023.07.17 19:30:28 ERROR 	[SUCCESSFUL ] org.scala-sbt#zinc_2.12;1.9.2!zinc_2.12.jar (738ms)[0m
2023.07.17 19:30:28 ERROR downloading https://repo1.maven.org/maven2/org/jline/jline-terminal-jna/3.19.0/jline-terminal-jna-3.19.0.jar ...[0m
2023.07.17 19:30:28 ERROR 	[SUCCESSFUL ] org.scala-sbt#util-control_2.12;1.9.1!util-control_2.12.jar (730ms)[0m
2023.07.17 19:30:28 ERROR downloading https://repo1.maven.org/maven2/org/jline/jline-terminal-jansi/3.19.0/jline-terminal-jansi-3.19.0.jar ...[0m
2023.07.17 19:30:28 ERROR 	[SUCCESSFUL ] org.scala-sbt#zinc-apiinfo_2.12;1.9.2!zinc-apiinfo_2.12.jar (769ms)[0m
2023.07.17 19:30:28 ERROR downloading https://repo1.maven.org/maven2/com/lmax/disruptor/3.4.2/disruptor-3.4.2.jar ...[0m
2023.07.17 19:30:28 ERROR 	[SUCCESSFUL ] org.scala-sbt.jline#jline;2.14.7-sbt-a1b0ffbb8f64bb820f4f84a0c07a0c0964507493!jline.jar (718ms)[0m
2023.07.17 19:30:28 ERROR downloading https://repo1.maven.org/maven2/org/scala-lang/scala-compiler/2.12.18/scala-compiler-2.12.18.jar ...[0m
2023.07.17 19:30:28 ERROR 	[SUCCESSFUL ] org.jline#jline-reader;3.19.0!jline-reader.jar (729ms)[0m
2023.07.17 19:30:28 ERROR downloading https://repo1.maven.org/maven2/org/fusesource/jansi/jansi/2.1.0/jansi-2.1.0.jar ...[0m
2023.07.17 19:30:29 ERROR 	[SUCCESSFUL ] org.jline#jline-builtins;3.19.0!jline-builtins.jar (769ms)[0m
2023.07.17 19:30:29 ERROR downloading https://repo1.maven.org/maven2/com/swoval/file-tree-views/2.1.10/file-tree-views-2.1.10.jar ...[0m
2023.07.17 19:30:29 ERROR 	[SUCCESSFUL ] org.scala-sbt#util-interface;1.9.1!util-interface.jar (770ms)[0m
2023.07.17 19:30:29 ERROR downloading https://repo1.maven.org/maven2/net/java/dev/jna/jna/5.13.0/jna-5.13.0.jar ...[0m
2023.07.17 19:30:29 ERROR 	[SUCCESSFUL ] org.jline#jline-terminal-jna;3.19.0!jline-terminal-jna.jar (749ms)[0m
2023.07.17 19:30:29 ERROR downloading https://repo1.maven.org/maven2/net/java/dev/jna/jna-platform/5.13.0/jna-platform-5.13.0.jar ...[0m
2023.07.17 19:30:29 ERROR 	[SUCCESSFUL ] org.scala-sbt#core-macros_2.12;1.9.1!core-macros_2.12.jar (782ms)[0m
2023.07.17 19:30:29 ERROR downloading https://repo1.maven.org/maven2/org/jline/jline-style/3.19.0/jline-style-3.19.0.jar ...[0m
2023.07.17 19:30:29 ERROR 	[SUCCESSFUL ] org.jline#jline-terminal-jansi;3.19.0!jline-terminal-jansi.jar (751ms)[0m
2023.07.17 19:30:29 ERROR downloading https://repo1.maven.org/maven2/org/scala-sbt/util-cache_2.12/1.9.1/util-cache_2.12-1.9.1.jar ...[0m
2023.07.17 19:30:29 ERROR 	[SUCCESSFUL ] com.lmax#disruptor;3.4.2!disruptor.jar (743ms)[0m
2023.07.17 19:30:29 ERROR downloading https://repo1.maven.org/maven2/com/eed3si9n/sjson-new-murmurhash_2.12/0.9.1/sjson-new-murmurhash_2.12-0.9.1.jar ...[0m
2023.07.17 19:30:29 ERROR 	[SUCCESSFUL ] org.fusesource.jansi#jansi;2.1.0!jansi.jar (783ms)[0m
2023.07.17 19:30:29 ERROR downloading https://repo1.maven.org/maven2/org/scala-sbt/test-agent/1.9.1/test-agent-1.9.1.jar ...[0m
2023.07.17 19:30:29 ERROR 	[SUCCESSFUL ] com.swoval#file-tree-views;2.1.10!file-tree-views.jar (731ms)[0m
2023.07.17 19:30:29 ERROR downloading https://repo1.maven.org/maven2/org/scala-sbt/test-interface/1.0/test-interface-1.0.jar ...[0m
2023.07.17 19:30:29 ERROR 	[SUCCESSFUL ] org.jline#jline-style;3.19.0!jline-style.jar (720ms)[0m
2023.07.17 19:30:29 ERROR downloading https://repo1.maven.org/maven2/org/scala-sbt/compiler-bridge_2.12/1.9.2/compiler-bridge_2.12-1.9.2.jar ...[0m
2023.07.17 19:30:29 ERROR 	[SUCCESSFUL ] com.eed3si9n#sjson-new-murmurhash_2.12;0.9.1!sjson-new-murmurhash_2.12.jar (723ms)[0m
2023.07.17 19:30:29 ERROR downloading https://repo1.maven.org/maven2/org/scala-sbt/zinc-classfile_2.12/1.9.2/zinc-classfile_2.12-1.9.2.jar ...[0m
2023.07.17 19:30:29 ERROR 	[SUCCESSFUL ] org.scala-sbt#util-cache_2.12;1.9.1!util-cache_2.12.jar (755ms)[0m
2023.07.17 19:30:29 ERROR downloading https://repo1.maven.org/maven2/com/jcraft/jsch/0.1.54/jsch-0.1.54.jar ...[0m
2023.07.17 19:30:30 ERROR 	[SUCCESSFUL ] org.scala-lang#scala-compiler;2.12.18!scala-compiler.jar (1455ms)[0m
2023.07.17 19:30:30 ERROR downloading https://repo1.maven.org/maven2/com/eed3si9n/gigahorse-apache-http_2.12/0.7.0/gigahorse-apache-http_2.12-0.7.0.jar ...[0m
2023.07.17 19:30:30 ERROR 	[SUCCESSFUL ] net.java.dev.jna#jna;5.13.0!jna.jar (970ms)[0m
2023.07.17 19:30:30 ERROR downloading https://repo1.maven.org/maven2/com/eed3si9n/gigahorse-core_2.12/0.7.0/gigahorse-core_2.12-0.7.0.jar ...[0m
2023.07.17 19:30:30 ERROR 	[SUCCESSFUL ] org.scala-sbt#test-agent;1.9.1!test-agent.jar (715ms)[0m
2023.07.17 19:30:30 ERROR downloading https://repo1.maven.org/maven2/com/eed3si9n/shaded-apache-httpasyncclient/0.7.0/shaded-apache-httpasyncclient-0.7.0.jar ...[0m
2023.07.17 19:30:30 ERROR 	[SUCCESSFUL ] org.scala-sbt#test-interface;1.0!test-interface.jar (705ms)[0m
2023.07.17 19:30:30 ERROR downloading https://repo1.maven.org/maven2/com/typesafe/ssl-config-core_2.12/0.6.1/ssl-config-core_2.12-0.6.1.jar ...[0m
2023.07.17 19:30:30 ERROR 	[SUCCESSFUL ] net.java.dev.jna#jna-platform;5.13.0!jna-platform.jar (1272ms)[0m
2023.07.17 19:30:30 ERROR downloading https://repo1.maven.org/maven2/org/reactivestreams/reactive-streams/1.0.3/reactive-streams-1.0.3.jar ...[0m
2023.07.17 19:30:30 ERROR 	[SUCCESSFUL ] org.scala-sbt#compiler-bridge_2.12;1.9.2!compiler-bridge_2.12.jar (715ms)[0m
2023.07.17 19:30:30 ERROR downloading https://repo1.maven.org/maven2/com/typesafe/config/1.4.2/config-1.4.2.jar ...[0m
2023.07.17 19:30:30 ERROR 	[SUCCESSFUL ] com.jcraft#jsch;0.1.54!jsch.jar (705ms)[0m
2023.07.17 19:30:30 ERROR downloading https://repo1.maven.org/maven2/org/scala-sbt/zinc-core_2.12/1.9.2/zinc-core_2.12-1.9.2.jar ...[0m
2023.07.17 19:30:30 ERROR 	[SUCCESSFUL ] org.scala-sbt#zinc-classfile_2.12;1.9.2!zinc-classfile_2.12.jar (738ms)[0m
2023.07.17 19:30:30 ERROR downloading https://repo1.maven.org/maven2/org/scala-sbt/zinc-persist_2.12/1.9.2/zinc-persist_2.12-1.9.2.jar ...[0m
2023.07.17 19:30:30 ERROR 	[SUCCESSFUL ] com.eed3si9n#gigahorse-apache-http_2.12;0.7.0!gigahorse-apache-http_2.12.jar (732ms)[0m
2023.07.17 19:30:30 ERROR downloading https://repo1.maven.org/maven2/org/scala-sbt/zinc-compile-core_2.12/1.9.2/zinc-compile-core_2.12-1.9.2.jar ...[0m
2023.07.17 19:30:30 ERROR 	[SUCCESSFUL ] com.eed3si9n#gigahorse-core_2.12;0.7.0!gigahorse-core_2.12.jar (760ms)[0m
2023.07.17 19:30:30 ERROR downloading https://repo1.maven.org/maven2/org/scala-sbt/zinc-persist-core-assembly/1.9.2/zinc-persist-core-assembly-1.9.2.jar ...[0m
2023.07.17 19:30:30 ERROR 	[SUCCESSFUL ] com.eed3si9n#shaded-apache-httpasyncclient;0.7.0!shaded-apache-httpasyncclient.jar (794ms)[0m
2023.07.17 19:30:30 ERROR downloading https://repo1.maven.org/maven2/org/scala-lang/modules/scala-parser-combinators_2.12/1.1.2/scala-parser-combinators_2.12-1.1.2.jar ...[0m
2023.07.17 19:30:31 ERROR 	[SUCCESSFUL ] com.typesafe#ssl-config-core_2.12;0.6.1!ssl-config-core_2.12.jar(bundle) (771ms)[0m
2023.07.17 19:30:31 ERROR downloading https://repo1.maven.org/maven2/net/openhft/zero-allocation-hashing/0.10.1/zero-allocation-hashing-0.10.1.jar ...[0m
2023.07.17 19:30:31 ERROR 	[SUCCESSFUL ] org.reactivestreams#reactive-streams;1.0.3!reactive-streams.jar (745ms)[0m
2023.07.17 19:30:31 ERROR downloading https://repo1.maven.org/maven2/org/scala-sbt/sbinary_2.12/0.5.1/sbinary_2.12-0.5.1.jar ...[0m
2023.07.17 19:30:31 ERROR 	[SUCCESSFUL ] com.typesafe#config;1.4.2!config.jar(bundle) (758ms)[0m
2023.07.17 19:30:31 ERROR downloading https://repo1.maven.org/maven2/org/scala-sbt/protocol_2.12/1.9.1/protocol_2.12-1.9.1.jar ...[0m
2023.07.17 19:30:31 ERROR 	[SUCCESSFUL ] org.scala-sbt#zinc-core_2.12;1.9.2!zinc-core_2.12.jar (754ms)[0m
2023.07.17 19:30:31 ERROR downloading https://repo1.maven.org/maven2/org/scala-sbt/ipcsocket/ipcsocket/1.6.2/ipcsocket-1.6.2.jar ...[0m
2023.07.17 19:30:31 ERROR 	[SUCCESSFUL ] org.scala-sbt#zinc-persist_2.12;1.9.2!zinc-persist_2.12.jar (769ms)[0m
2023.07.17 19:30:31 ERROR downloading https://repo1.maven.org/maven2/org/checkerframework/checker-qual/3.4.1/checker-qual-3.4.1.jar ...[0m
2023.07.17 19:30:31 ERROR 	[SUCCESSFUL ] org.scala-sbt#zinc-compile-core_2.12;1.9.2!zinc-compile-core_2.12.jar (762ms)[0m
2023.07.17 19:30:31 ERROR downloading https://repo1.maven.org/maven2/com/google/errorprone/error_prone_annotations/2.4.0/error_prone_annotations-2.4.0.jar ...[0m
2023.07.17 19:30:31 ERROR 	[SUCCESSFUL ] org.scala-lang.modules#scala-parser-combinators_2.12;1.1.2!scala-parser-combinators_2.12.jar(bundle) (723ms)[0m
2023.07.17 19:30:31 ERROR downloading https://repo1.maven.org/maven2/org/scala-sbt/ivy/ivy/2.3.0-sbt-a8f9eb5bf09d0539ea3658a2c2d4e09755b5133e/ivy-2.3.0-sbt-a8f9eb5bf09d0539ea3658a2c2d4e09755b5133e.jar ...[0m
2023.07.17 19:30:31 ERROR 	[SUCCESSFUL ] net.openhft#zero-allocation-hashing;0.10.1!zero-allocation-hashing.jar(bundle) (722ms)[0m
2023.07.17 19:30:31 ERROR 	[SUCCESSFUL ] org.scala-sbt#zinc-persist-core-assembly;1.9.2!zinc-persist-core-assembly.jar (1149ms)[0m
2023.07.17 19:30:31 ERROR 	[SUCCESSFUL ] org.scala-sbt#sbinary_2.12;0.5.1!sbinary_2.12.jar (721ms)[0m
2023.07.17 19:30:31 ERROR 	[SUCCESSFUL ] org.scala-sbt.ipcsocket#ipcsocket;1.6.2!ipcsocket.jar (717ms)[0m
2023.07.17 19:30:31 ERROR 	[SUCCESSFUL ] org.checkerframework#checker-qual;3.4.1!checker-qual.jar (737ms)[0m
2023.07.17 19:30:31 ERROR 	[SUCCESSFUL ] org.scala-sbt#protocol_2.12;1.9.1!protocol_2.12.jar (798ms)[0m
2023.07.17 19:30:32 ERROR 	[SUCCESSFUL ] com.google.errorprone#error_prone_annotations;2.4.0!error_prone_annotations.jar (742ms)[0m
2023.07.17 19:30:32 ERROR 	[SUCCESSFUL ] org.scala-sbt.ivy#ivy;2.3.0-sbt-a8f9eb5bf09d0539ea3658a2c2d4e09755b5133e!ivy.jar (767ms)[0m
2023.07.17 19:30:32 ERROR :: retrieving :: org.scala-sbt#boot-app[0m
2023.07.17 19:30:32 ERROR 	confs: [default][0m
2023.07.17 19:30:32 ERROR 	81 artifacts copied, 0 already retrieved[0m
2023.07.17 19:30:34 INFO  [info] welcome to sbt 1.9.1 (Private Build Java 1.8.0_362)[0m
2023.07.17 19:30:38 INFO  [info] loading settings for project simple-build-build from metals.sbt ...[0m
2023.07.17 19:30:40 INFO  [info] loading project definition from /home/facundoroot/Documentos/scala/simple/project/project[0m
2023.07.17 19:30:48 INFO  [info] loading settings for project simple-build from metals.sbt ...[0m
2023.07.17 19:30:48 INFO  [info] loading project definition from /home/facundoroot/Documentos/scala/simple/project[0m
2023.07.17 19:30:58 INFO  [success] Generated .bloop/simple-build.json[0m
2023.07.17 19:30:58 INFO  [info] compiling 1 Scala source to /home/facundoroot/Documentos/scala/simple/project/target/scala-2.12/sbt-1.0/classes ...[0m
2023.07.17 19:30:58 INFO  [info] Non-compiled module 'compiler-bridge_2.12' for Scala 2.12.18. Compiling...[0m
2023.07.17 19:31:16 INFO  [info]   Compilation completed in 17.801s.[0m
2023.07.17 19:31:17 INFO  [info] done compiling[0m
2023.07.17 19:31:17 INFO  [success] Total time: 29 s, completed Jul 17, 2023 7:31:18 PM[0m
2023.07.17 19:31:21 INFO  [info] loading settings for project root from build.sbt ...[0m
2023.07.17 19:31:21 INFO  [info] set current project to simple (in build file:/home/facundoroot/Documentos/scala/simple/)[0m
2023.07.17 19:31:30 INFO  [success] Generated .bloop/root-test.json[0m
2023.07.17 19:31:30 INFO  [success] Generated .bloop/root.json[0m
2023.07.17 19:31:30 INFO  [success] Total time: 9 s, completed Jul 17, 2023 7:31:30 PM[0m
2023.07.17 19:31:31 INFO  time: ran 'sbt bloopInstall' in 3m40s[0m
2023.07.17 19:31:31 INFO  Attempting to connect to the build server...[0m
2023.07.17 19:31:48 INFO  tracing is disabled for protocol BSP, to enable tracing of incoming and outgoing JSON messages create an empty file at /home/facundoroot/Documentos/scala/simple/.metals/bsp.trace.json or /home/facundoroot/.cache/metals/bsp.trace.json[0m
2023.07.17 19:45:28 INFO  Started: Metals version 0.11.2 in workspace '/home/facundoroot/Documentos/scala/simple' for client coc.nvim 0.0.82.[0m
2023.07.17 19:45:29 INFO  time: initialize in 1.53s[0m
2023.07.17 19:45:30 INFO  Attempting to connect to the build server...[0m
2023.07.17 19:45:31 INFO  skipping build import with status 'Installed'[0m
Jul 17, 2023 7:45:31 PM org.eclipse.lsp4j.jsonrpc.RemoteEndpoint handleNotification
WARNING: Notification threw an exception: {
  "jsonrpc": "2.0",
  "method": "textDocument/didOpen",
  "params": {
    "textDocument": {
      "uri": "file:///home/facundoroot/Documentos/scala/simple/src/main/scala/analytics/BankingJob.scala",
      "languageId": "scala",
      "version": 1,
      "text": "\n"
    }
  }
}
java.lang.RuntimeException: java.lang.reflect.InvocationTargetException
	at org.eclipse.lsp4j.jsonrpc.services.GenericEndpoint.lambda$null$0(GenericEndpoint.java:67)
	at org.eclipse.lsp4j.jsonrpc.services.GenericEndpoint.notify(GenericEndpoint.java:152)
	at org.eclipse.lsp4j.jsonrpc.RemoteEndpoint.handleNotification(RemoteEndpoint.java:220)
	at org.eclipse.lsp4j.jsonrpc.RemoteEndpoint.consume(RemoteEndpoint.java:187)
	at org.eclipse.lsp4j.jsonrpc.json.StreamMessageProducer.handleMessage(StreamMessageProducer.java:194)
	at org.eclipse.lsp4j.jsonrpc.json.StreamMessageProducer.listen(StreamMessageProducer.java:94)
	at org.eclipse.lsp4j.jsonrpc.json.ConcurrentMessageProcessor.run(ConcurrentMessageProcessor.java:113)
	at java.util.concurrent.Executors$RunnableAdapter.call(Executors.java:511)
	at java.util.concurrent.FutureTask.run(FutureTask.java:266)
	at java.util.concurrent.ThreadPoolExecutor.runWorker(ThreadPoolExecutor.java:1149)
	at java.util.concurrent.ThreadPoolExecutor$Worker.run(ThreadPoolExecutor.java:624)
	at java.lang.Thread.run(Thread.java:750)
Caused by: java.lang.reflect.InvocationTargetException
	at sun.reflect.NativeMethodAccessorImpl.invoke0(Native Method)
	at sun.reflect.NativeMethodAccessorImpl.invoke(NativeMethodAccessorImpl.java:62)
	at sun.reflect.DelegatingMethodAccessorImpl.invoke(DelegatingMethodAccessorImpl.java:43)
	at java.lang.reflect.Method.invoke(Method.java:498)
	at org.eclipse.lsp4j.jsonrpc.services.GenericEndpoint.lambda$null$0(GenericEndpoint.java:65)
	... 11 more
Caused by: java.nio.file.NoSuchFileException: /home/facundoroot/Documentos/scala/simple/src/main/scala/analytics/BankingJob.scala
	at sun.nio.fs.UnixException.translateToIOException(UnixException.java:86)
	at sun.nio.fs.UnixException.rethrowAsIOException(UnixException.java:102)
	at sun.nio.fs.UnixException.rethrowAsIOException(UnixException.java:107)
	at sun.nio.fs.UnixFileSystemProvider.newByteChannel(UnixFileSystemProvider.java:214)
	at java.nio.file.Files.newByteChannel(Files.java:361)
	at java.nio.file.Files.newByteChannel(Files.java:407)
	at java.nio.file.Files.readAllBytes(Files.java:3152)
	at scala.meta.internal.io.PlatformFileIO$.slurp(PlatformFileIO.scala:45)
	at scala.meta.internal.io.FileIO$.slurp(FileIO.scala:24)
	at scala.meta.internal.metals.MetalsLanguageServer.didOpen(MetalsLanguageServer.scala:1041)
	... 16 more

2023.07.17 19:45:31 INFO  tracing is disabled for protocol BSP, to enable tracing of incoming and outgoing JSON messages create an empty file at /home/facundoroot/Documentos/scala/simple/.metals/bsp.trace.json or /home/facundoroot/.cache/metals/bsp.trace.json[0m
2023.07.17 19:45:35 WARN  Stopped configuration of Scala SemanticDB in 2.13.11 projects: Error downloading org.scalameta:semanticdb-scalac_2.13.11:4.5.0
  not found: /home/facundoroot/.ivy2/local/org.scalameta/semanticdb-scalac_2.13.11/4.5.0/ivys/ivy.xml
  not found: https://repo1.maven.org/maven2/org/scalameta/semanticdb-scalac_2.13.11/4.5.0/semanticdb-scalac_2.13.11-4.5.0.pom[0m
2023.07.17 19:45:35 INFO  Attempting to connect to the build server...[0m
2023.07.17 19:45:35 INFO  tracing is disabled for protocol BSP, to enable tracing of incoming and outgoing JSON messages create an empty file at /home/facundoroot/Documentos/scala/simple/project/.metals/bsp.trace.json or /home/facundoroot/.cache/metals/bsp.trace.json[0m
2023.07.17 19:45:35 INFO  time: Connected to build server in 4.59s[0m
2023.07.17 19:45:35 INFO  Connected to Build server: Bloop v1.4.13[0m
2023.07.17 19:45:35 INFO  time: Imported build in 0.18s[0m
2023.07.17 19:45:39 ERROR Failed to fetch mtags for 2.13.11
Error downloading org.scalameta:mtags_2.13.11:0.11.2
  not found: /home/facundoroot/.ivy2/local/org.scalameta/mtags_2.13.11/0.11.2/ivys/ivy.xml
  not found: https://repo1.maven.org/maven2/org/scalameta/mtags_2.13.11/0.11.2/mtags_2.13.11-0.11.2.pom
  not found: https://oss.sonatype.org/content/repositories/public/org/scalameta/mtags_2.13.11/0.11.2/mtags_2.13.11-0.11.2.pom
  not found: https://oss.sonatype.org/content/repositories/snapshots/org/scalameta/mtags_2.13.11/0.11.2/mtags_2.13.11-0.11.2.pom[0m
2023.07.17 19:45:41 ERROR Failed to fetch mtags for 2.13.11
Error downloading org.scalameta:mtags_2.13.11:0.11.2
  not found: /home/facundoroot/.ivy2/local/org.scalameta/mtags_2.13.11/0.11.2/ivys/ivy.xml
  not found: https://repo1.maven.org/maven2/org/scalameta/mtags_2.13.11/0.11.2/mtags_2.13.11-0.11.2.pom
  not found: https://oss.sonatype.org/content/repositories/public/org/scalameta/mtags_2.13.11/0.11.2/mtags_2.13.11-0.11.2.pom
  not found: https://oss.sonatype.org/content/repositories/snapshots/org/scalameta/mtags_2.13.11/0.11.2/mtags_2.13.11-0.11.2.pom[0m
2023.07.17 19:45:43 ERROR Failed to fetch mtags for 2.13.11
Error downloading org.scalameta:mtags_2.13.11:0.11.2
  not found: /home/facundoroot/.ivy2/local/org.scalameta/mtags_2.13.11/0.11.2/ivys/ivy.xml
  not found: https://repo1.maven.org/maven2/org/scalameta/mtags_2.13.11/0.11.2/mtags_2.13.11-0.11.2.pom
  not found: https://oss.sonatype.org/content/repositories/public/org/scalameta/mtags_2.13.11/0.11.2/mtags_2.13.11-0.11.2.pom
  not found: https://oss.sonatype.org/content/repositories/snapshots/org/scalameta/mtags_2.13.11/0.11.2/mtags_2.13.11-0.11.2.pom[0m
2023.07.17 19:45:43 INFO  No mtags for 2.13.11.[0m
2023.07.17 19:45:46 ERROR Failed to fetch mtags for 2.12.18
Error downloading org.scalameta:mtags_2.12.18:0.11.2
  not found: /home/facundoroot/.ivy2/local/org.scalameta/mtags_2.12.18/0.11.2/ivys/ivy.xml
  not found: https://repo1.maven.org/maven2/org/scalameta/mtags_2.12.18/0.11.2/mtags_2.12.18-0.11.2.pom
  not found: https://oss.sonatype.org/content/repositories/public/org/scalameta/mtags_2.12.18/0.11.2/mtags_2.12.18-0.11.2.pom
  not found: https://oss.sonatype.org/content/repositories/snapshots/org/scalameta/mtags_2.12.18/0.11.2/mtags_2.12.18-0.11.2.pom[0m
2023.07.17 19:45:46 INFO  No mtags for 2.13.11.[0m
2023.07.17 19:45:46 INFO  No mtags for 2.13.11.[0m
2023.07.17 19:45:46 INFO  No mtags for 2.13.11.[0m
2023.07.17 19:45:46 INFO  No mtags for 2.13.11.[0m
2023.07.17 19:45:46 INFO  No mtags for 2.13.11.[0m
2023.07.17 19:45:46 INFO  No mtags for 2.13.11.[0m
2023.07.17 19:45:48 ERROR Failed to fetch mtags for 2.12.18
Error downloading org.scalameta:mtags_2.12.18:0.11.2
  not found: /home/facundoroot/.ivy2/local/org.scalameta/mtags_2.12.18/0.11.2/ivys/ivy.xml
  not found: https://repo1.maven.org/maven2/org/scalameta/mtags_2.12.18/0.11.2/mtags_2.12.18-0.11.2.pom
  not found: https://oss.sonatype.org/content/repositories/public/org/scalameta/mtags_2.12.18/0.11.2/mtags_2.12.18-0.11.2.pom
  not found: https://oss.sonatype.org/content/repositories/snapshots/org/scalameta/mtags_2.12.18/0.11.2/mtags_2.12.18-0.11.2.pom[0m
2023.07.17 19:45:50 ERROR Failed to fetch mtags for 2.12.18
Error downloading org.scalameta:mtags_2.12.18:0.11.2
  not found: /home/facundoroot/.ivy2/local/org.scalameta/mtags_2.12.18/0.11.2/ivys/ivy.xml
  not found: https://repo1.maven.org/maven2/org/scalameta/mtags_2.12.18/0.11.2/mtags_2.12.18-0.11.2.pom
  not found: https://oss.sonatype.org/content/repositories/public/org/scalameta/mtags_2.12.18/0.11.2/mtags_2.12.18-0.11.2.pom
  not found: https://oss.sonatype.org/content/repositories/snapshots/org/scalameta/mtags_2.12.18/0.11.2/mtags_2.12.18-0.11.2.pom[0m
2023.07.17 19:45:51 WARN  Could not find java sources in /usr/lib/jvm/src.zip, /usr/lib/jvm/lib/src.zip, /usr/lib/jvm/java-8-openjdk-amd64/src.zip, /usr/lib/jvm/java-8-openjdk-amd64/lib/src.zip. Java symbols will not be available.[0m
2023.07.17 19:45:55 INFO  time: indexed workspace in 19s[0m
2023.07.17 19:47:15 INFO  compiling root (3 scala sources)[0m
2023.07.17 19:47:18 INFO  Non-compiled module 'compiler-bridge_2.13' for Scala 2.13.11. Compiling...[0m
2023.07.17 19:47:26 INFO  time: compiled root in 10s[0m
2023.07.17 20:00:07 ERROR Failed to fetch mtags for 2.13.11
Error downloading org.scalameta:mtags_2.13.11:0.11.2
  not found: /home/facundoroot/.ivy2/local/org.scalameta/mtags_2.13.11/0.11.2/ivys/ivy.xml
  not found: https://repo1.maven.org/maven2/org/scalameta/mtags_2.13.11/0.11.2/mtags_2.13.11-0.11.2.pom
  not found: https://oss.sonatype.org/content/repositories/public/org/scalameta/mtags_2.13.11/0.11.2/mtags_2.13.11-0.11.2.pom
  not found: https://oss.sonatype.org/content/repositories/snapshots/org/scalameta/mtags_2.13.11/0.11.2/mtags_2.13.11-0.11.2.pom[0m
2023.07.17 20:00:07 WARN  unsupported Scala 2.13.11[0m
2023.07.17 20:00:07 INFO  No mtags for 2.13.11.[0m
2023.07.17 20:00:07 WARN  unsupported Scala 2.13.11[0m
Jul 17, 2023 8:00:07 PM org.eclipse.lsp4j.jsonrpc.RemoteEndpoint handleCancellation
WARNING: Unmatched cancel notification for request id 1
2023.07.17 20:00:07 INFO  No mtags for 2.13.11.[0m
2023.07.17 20:00:07 WARN  unsupported Scala 2.13.11[0m
Jul 17, 2023 8:00:07 PM org.eclipse.lsp4j.jsonrpc.RemoteEndpoint handleCancellation
WARNING: Unmatched cancel notification for request id 3
2023.07.17 20:00:10 INFO  No mtags for 2.13.11.[0m
2023.07.17 20:00:10 WARN  unsupported Scala 2.13.11[0m
2023.07.17 20:00:10 INFO  No mtags for 2.13.11.[0m
2023.07.17 20:00:10 WARN  unsupported Scala 2.13.11[0m
2023.07.17 20:00:11 INFO  No mtags for 2.13.11.[0m
2023.07.17 20:00:11 WARN  unsupported Scala 2.13.11[0m
2023.07.17 20:20:16 INFO  tracing is disabled for protocol LSP, to enable tracing of incoming and outgoing JSON messages create an empty file at /home/facundoroot/Documentos/scala/simple/.metals/lsp.trace.json or /home/facundoroot/.cache/metals/lsp.trace.json[0m
2023.07.17 20:20:16 INFO  logging to file /home/facundoroot/Documentos/scala/simple/.metals/metals.log[0m
2023.07.17 20:20:16 INFO  Started: Metals version 0.11.2 in workspace '/home/facundoroot/Documentos/scala/simple' for client coc.nvim 0.0.82.[0m
2023.07.17 20:20:18 INFO  time: initialize in 1.38s[0m
2023.07.17 20:20:19 INFO  Attempting to connect to the build server...[0m
2023.07.17 20:20:19 INFO  skipping build import with status 'Installed'[0m
2023.07.17 20:20:19 INFO  tracing is disabled for protocol BSP, to enable tracing of incoming and outgoing JSON messages create an empty file at /home/facundoroot/Documentos/scala/simple/.metals/bsp.trace.json or /home/facundoroot/.cache/metals/bsp.trace.json[0m
2023.07.17 20:20:21 WARN  Stopped configuration of Scala SemanticDB in 2.13.11 projects: Error downloading org.scalameta:semanticdb-scalac_2.13.11:4.5.0
  not found: /home/facundoroot/.ivy2/local/org.scalameta/semanticdb-scalac_2.13.11/4.5.0/ivys/ivy.xml
  not found: https://repo1.maven.org/maven2/org/scalameta/semanticdb-scalac_2.13.11/4.5.0/semanticdb-scalac_2.13.11-4.5.0.pom[0m
2023.07.17 20:20:21 INFO  Attempting to connect to the build server...[0m
2023.07.17 20:20:21 INFO  tracing is disabled for protocol BSP, to enable tracing of incoming and outgoing JSON messages create an empty file at /home/facundoroot/Documentos/scala/simple/project/.metals/bsp.trace.json or /home/facundoroot/.cache/metals/bsp.trace.json[0m
2023.07.17 20:20:21 INFO  time: Connected to build server in 1.72s[0m
2023.07.17 20:20:21 INFO  Connected to Build server: Bloop v1.4.13[0m
2023.07.17 20:20:21 INFO  time: Imported build in 0.11s[0m
2023.07.17 20:20:25 ERROR Failed to fetch mtags for 2.13.11
Error downloading org.scalameta:mtags_2.13.11:0.11.2
  not found: /home/facundoroot/.ivy2/local/org.scalameta/mtags_2.13.11/0.11.2/ivys/ivy.xml
  not found: https://repo1.maven.org/maven2/org/scalameta/mtags_2.13.11/0.11.2/mtags_2.13.11-0.11.2.pom
  not found: https://oss.sonatype.org/content/repositories/public/org/scalameta/mtags_2.13.11/0.11.2/mtags_2.13.11-0.11.2.pom
  not found: https://oss.sonatype.org/content/repositories/snapshots/org/scalameta/mtags_2.13.11/0.11.2/mtags_2.13.11-0.11.2.pom[0m
2023.07.17 20:20:27 ERROR Failed to fetch mtags for 2.13.11
Error downloading org.scalameta:mtags_2.13.11:0.11.2
  not found: /home/facundoroot/.ivy2/local/org.scalameta/mtags_2.13.11/0.11.2/ivys/ivy.xml
  not found: https://repo1.maven.org/maven2/org/scalameta/mtags_2.13.11/0.11.2/mtags_2.13.11-0.11.2.pom
  not found: https://oss.sonatype.org/content/repositories/public/org/scalameta/mtags_2.13.11/0.11.2/mtags_2.13.11-0.11.2.pom
  not found: https://oss.sonatype.org/content/repositories/snapshots/org/scalameta/mtags_2.13.11/0.11.2/mtags_2.13.11-0.11.2.pom[0m
2023.07.17 20:20:29 ERROR Failed to fetch mtags for 2.13.11
Error downloading org.scalameta:mtags_2.13.11:0.11.2
  not found: /home/facundoroot/.ivy2/local/org.scalameta/mtags_2.13.11/0.11.2/ivys/ivy.xml
  not found: https://repo1.maven.org/maven2/org/scalameta/mtags_2.13.11/0.11.2/mtags_2.13.11-0.11.2.pom
  not found: https://oss.sonatype.org/content/repositories/public/org/scalameta/mtags_2.13.11/0.11.2/mtags_2.13.11-0.11.2.pom
  not found: https://oss.sonatype.org/content/repositories/snapshots/org/scalameta/mtags_2.13.11/0.11.2/mtags_2.13.11-0.11.2.pom[0m
2023.07.17 20:20:29 INFO  No mtags for 2.13.11.[0m
2023.07.17 20:20:31 ERROR Failed to fetch mtags for 2.12.18
Error downloading org.scalameta:mtags_2.12.18:0.11.2
  not found: /home/facundoroot/.ivy2/local/org.scalameta/mtags_2.12.18/0.11.2/ivys/ivy.xml
  not found: https://repo1.maven.org/maven2/org/scalameta/mtags_2.12.18/0.11.2/mtags_2.12.18-0.11.2.pom
  not found: https://oss.sonatype.org/content/repositories/public/org/scalameta/mtags_2.12.18/0.11.2/mtags_2.12.18-0.11.2.pom
  not found: https://oss.sonatype.org/content/repositories/snapshots/org/scalameta/mtags_2.12.18/0.11.2/mtags_2.12.18-0.11.2.pom[0m
2023.07.17 20:20:31 INFO  No mtags for 2.13.11.[0m
2023.07.17 20:20:31 INFO  No mtags for 2.13.11.[0m
2023.07.17 20:20:31 INFO  No mtags for 2.13.11.[0m
2023.07.17 20:20:31 INFO  No mtags for 2.13.11.[0m
2023.07.17 20:20:31 INFO  No mtags for 2.13.11.[0m
2023.07.17 20:20:31 INFO  No mtags for 2.13.11.[0m
2023.07.17 20:20:34 ERROR Failed to fetch mtags for 2.12.18
Error downloading org.scalameta:mtags_2.12.18:0.11.2
  not found: /home/facundoroot/.ivy2/local/org.scalameta/mtags_2.12.18/0.11.2/ivys/ivy.xml
  not found: https://repo1.maven.org/maven2/org/scalameta/mtags_2.12.18/0.11.2/mtags_2.12.18-0.11.2.pom
  not found: https://oss.sonatype.org/content/repositories/public/org/scalameta/mtags_2.12.18/0.11.2/mtags_2.12.18-0.11.2.pom
  not found: https://oss.sonatype.org/content/repositories/snapshots/org/scalameta/mtags_2.12.18/0.11.2/mtags_2.12.18-0.11.2.pom[0m
2023.07.17 20:20:36 ERROR Failed to fetch mtags for 2.12.18
Error downloading org.scalameta:mtags_2.12.18:0.11.2
  not found: /home/facundoroot/.ivy2/local/org.scalameta/mtags_2.12.18/0.11.2/ivys/ivy.xml
  not found: https://repo1.maven.org/maven2/org/scalameta/mtags_2.12.18/0.11.2/mtags_2.12.18-0.11.2.pom
  not found: https://oss.sonatype.org/content/repositories/public/org/scalameta/mtags_2.12.18/0.11.2/mtags_2.12.18-0.11.2.pom
  not found: https://oss.sonatype.org/content/repositories/snapshots/org/scalameta/mtags_2.12.18/0.11.2/mtags_2.12.18-0.11.2.pom[0m
2023.07.17 20:20:38 WARN  Could not find java sources in /usr/lib/jvm/src.zip, /usr/lib/jvm/lib/src.zip, /usr/lib/jvm/java-8-openjdk-amd64/src.zip, /usr/lib/jvm/java-8-openjdk-amd64/lib/src.zip. Java symbols will not be available.[0m
2023.07.17 20:20:38 INFO  time: indexed workspace in 17s[0m
2023.07.17 20:21:16 INFO  Shut down connection with build server.[0m
2023.07.17 20:21:16 INFO  Shut down connection with build server.[0m
2023.07.17 20:23:03 INFO  tracing is disabled for protocol LSP, to enable tracing of incoming and outgoing JSON messages create an empty file at /home/facundoroot/Documentos/scala/simple/.metals/lsp.trace.json or /home/facundoroot/.cache/metals/lsp.trace.json[0m
2023.07.17 20:23:04 INFO  logging to file /home/facundoroot/Documentos/scala/simple/.metals/metals.log[0m
2023.07.17 20:23:04 INFO  Started: Metals version 0.11.2 in workspace '/home/facundoroot/Documentos/scala/simple' for client coc.nvim 0.0.82.[0m
2023.07.17 20:23:05 INFO  time: initialize in 1.64s[0m
2023.07.17 20:23:06 INFO  Attempting to connect to the build server...[0m
2023.07.17 20:23:07 INFO  tracing is disabled for protocol BSP, to enable tracing of incoming and outgoing JSON messages create an empty file at /home/facundoroot/Documentos/scala/simple/.metals/bsp.trace.json or /home/facundoroot/.cache/metals/bsp.trace.json[0m
2023.07.17 20:23:07 WARN  Stopped configuration of Scala SemanticDB in 2.13.11 projects: Error downloading org.scalameta:semanticdb-scalac_2.13.11:4.5.0
  not found: /home/facundoroot/.ivy2/local/org.scalameta/semanticdb-scalac_2.13.11/4.5.0/ivys/ivy.xml
  not found: https://repo1.maven.org/maven2/org/scalameta/semanticdb-scalac_2.13.11/4.5.0/semanticdb-scalac_2.13.11-4.5.0.pom[0m
2023.07.17 20:23:07 INFO  Attempting to connect to the build server...[0m
2023.07.17 20:23:07 INFO  tracing is disabled for protocol BSP, to enable tracing of incoming and outgoing JSON messages create an empty file at /home/facundoroot/Documentos/scala/simple/project/.metals/bsp.trace.json or /home/facundoroot/.cache/metals/bsp.trace.json[0m
2023.07.17 20:23:07 INFO  time: Connected to build server in 1.35s[0m
2023.07.17 20:23:07 INFO  Connected to Build server: Bloop v1.4.13[0m
2023.07.17 20:23:12 ERROR Failed to fetch mtags for 2.13.11
Error downloading org.scalameta:mtags_2.13.11:0.11.2
  not found: /home/facundoroot/.ivy2/local/org.scalameta/mtags_2.13.11/0.11.2/ivys/ivy.xml
  not found: https://repo1.maven.org/maven2/org/scalameta/mtags_2.13.11/0.11.2/mtags_2.13.11-0.11.2.pom
  not found: https://oss.sonatype.org/content/repositories/public/org/scalameta/mtags_2.13.11/0.11.2/mtags_2.13.11-0.11.2.pom
  not found: https://oss.sonatype.org/content/repositories/snapshots/org/scalameta/mtags_2.13.11/0.11.2/mtags_2.13.11-0.11.2.pom[0m
2023.07.17 20:23:14 ERROR Failed to fetch mtags for 2.13.11
Error downloading org.scalameta:mtags_2.13.11:0.11.2
  not found: /home/facundoroot/.ivy2/local/org.scalameta/mtags_2.13.11/0.11.2/ivys/ivy.xml
  not found: https://repo1.maven.org/maven2/org/scalameta/mtags_2.13.11/0.11.2/mtags_2.13.11-0.11.2.pom
  not found: https://oss.sonatype.org/content/repositories/public/org/scalameta/mtags_2.13.11/0.11.2/mtags_2.13.11-0.11.2.pom
  not found: https://oss.sonatype.org/content/repositories/snapshots/org/scalameta/mtags_2.13.11/0.11.2/mtags_2.13.11-0.11.2.pom[0m
2023.07.17 20:23:16 ERROR Failed to fetch mtags for 2.13.11
Error downloading org.scalameta:mtags_2.13.11:0.11.2
  not found: /home/facundoroot/.ivy2/local/org.scalameta/mtags_2.13.11/0.11.2/ivys/ivy.xml
  not found: https://repo1.maven.org/maven2/org/scalameta/mtags_2.13.11/0.11.2/mtags_2.13.11-0.11.2.pom
  not found: https://oss.sonatype.org/content/repositories/public/org/scalameta/mtags_2.13.11/0.11.2/mtags_2.13.11-0.11.2.pom
  not found: https://oss.sonatype.org/content/repositories/snapshots/org/scalameta/mtags_2.13.11/0.11.2/mtags_2.13.11-0.11.2.pom[0m
2023.07.17 20:23:16 INFO  No mtags for 2.13.11.[0m
2023.07.17 20:23:16 INFO  Shut down connection with build server.[0m
2023.07.17 20:23:16 INFO  Shut down connection with build server.[0m
2023.07.17 20:27:12 INFO  tracing is disabled for protocol LSP, to enable tracing of incoming and outgoing JSON messages create an empty file at /home/facundoroot/Documentos/scala/simple/.metals/lsp.trace.json or /home/facundoroot/.cache/metals/lsp.trace.json[0m
2023.07.17 20:27:12 INFO  logging to file /home/facundoroot/Documentos/scala/simple/.metals/metals.log[0m
2023.07.17 20:27:12 INFO  Started: Metals version 0.11.2 in workspace '/home/facundoroot/Documentos/scala/simple' for client coc.nvim 0.0.82.[0m
2023.07.17 20:27:14 INFO  time: initialize in 1.7s[0m
2023.07.17 20:27:15 INFO  Attempting to connect to the build server...[0m
2023.07.17 20:27:15 INFO  skipping build import with status 'Dismissed'[0m
2023.07.17 20:27:15 INFO  tracing is disabled for protocol BSP, to enable tracing of incoming and outgoing JSON messages create an empty file at /home/facundoroot/Documentos/scala/simple/.metals/bsp.trace.json or /home/facundoroot/.cache/metals/bsp.trace.json[0m
2023.07.17 20:27:17 WARN  Stopped configuration of Scala SemanticDB in 2.13.11 projects: Error downloading org.scalameta:semanticdb-scalac_2.13.11:4.5.0
  not found: /home/facundoroot/.ivy2/local/org.scalameta/semanticdb-scalac_2.13.11/4.5.0/ivys/ivy.xml
  not found: https://repo1.maven.org/maven2/org/scalameta/semanticdb-scalac_2.13.11/4.5.0/semanticdb-scalac_2.13.11-4.5.0.pom[0m
2023.07.17 20:27:17 INFO  Attempting to connect to the build server...[0m
2023.07.17 20:27:17 INFO  tracing is disabled for protocol BSP, to enable tracing of incoming and outgoing JSON messages create an empty file at /home/facundoroot/Documentos/scala/simple/project/.metals/bsp.trace.json or /home/facundoroot/.cache/metals/bsp.trace.json[0m
2023.07.17 20:27:17 INFO  time: Connected to build server in 1.65s[0m
2023.07.17 20:27:17 INFO  Connected to Build server: Bloop v1.4.13[0m
2023.07.17 20:27:21 ERROR Failed to fetch mtags for 2.13.11
Error downloading org.scalameta:mtags_2.13.11:0.11.2
  not found: /home/facundoroot/.ivy2/local/org.scalameta/mtags_2.13.11/0.11.2/ivys/ivy.xml
  not found: https://repo1.maven.org/maven2/org/scalameta/mtags_2.13.11/0.11.2/mtags_2.13.11-0.11.2.pom
  not found: https://oss.sonatype.org/content/repositories/public/org/scalameta/mtags_2.13.11/0.11.2/mtags_2.13.11-0.11.2.pom
  not found: https://oss.sonatype.org/content/repositories/snapshots/org/scalameta/mtags_2.13.11/0.11.2/mtags_2.13.11-0.11.2.pom[0m
2023.07.17 20:27:23 ERROR Failed to fetch mtags for 2.13.11
Error downloading org.scalameta:mtags_2.13.11:0.11.2
  not found: /home/facundoroot/.ivy2/local/org.scalameta/mtags_2.13.11/0.11.2/ivys/ivy.xml
  not found: https://repo1.maven.org/maven2/org/scalameta/mtags_2.13.11/0.11.2/mtags_2.13.11-0.11.2.pom
  not found: https://oss.sonatype.org/content/repositories/public/org/scalameta/mtags_2.13.11/0.11.2/mtags_2.13.11-0.11.2.pom
  not found: https://oss.sonatype.org/content/repositories/snapshots/org/scalameta/mtags_2.13.11/0.11.2/mtags_2.13.11-0.11.2.pom[0m
2023.07.17 20:27:25 ERROR Failed to fetch mtags for 2.13.11
Error downloading org.scalameta:mtags_2.13.11:0.11.2
  not found: /home/facundoroot/.ivy2/local/org.scalameta/mtags_2.13.11/0.11.2/ivys/ivy.xml
  not found: https://repo1.maven.org/maven2/org/scalameta/mtags_2.13.11/0.11.2/mtags_2.13.11-0.11.2.pom
  not found: https://oss.sonatype.org/content/repositories/public/org/scalameta/mtags_2.13.11/0.11.2/mtags_2.13.11-0.11.2.pom
  not found: https://oss.sonatype.org/content/repositories/snapshots/org/scalameta/mtags_2.13.11/0.11.2/mtags_2.13.11-0.11.2.pom[0m
2023.07.17 20:27:25 INFO  No mtags for 2.13.11.[0m
2023.07.17 20:27:27 ERROR Failed to fetch mtags for 2.12.18
Error downloading org.scalameta:mtags_2.12.18:0.11.2
  not found: /home/facundoroot/.ivy2/local/org.scalameta/mtags_2.12.18/0.11.2/ivys/ivy.xml
  not found: https://repo1.maven.org/maven2/org/scalameta/mtags_2.12.18/0.11.2/mtags_2.12.18-0.11.2.pom
  not found: https://oss.sonatype.org/content/repositories/public/org/scalameta/mtags_2.12.18/0.11.2/mtags_2.12.18-0.11.2.pom
  not found: https://oss.sonatype.org/content/repositories/snapshots/org/scalameta/mtags_2.12.18/0.11.2/mtags_2.12.18-0.11.2.pom[0m
2023.07.17 20:27:27 INFO  No mtags for 2.13.11.[0m
2023.07.17 20:27:27 INFO  No mtags for 2.13.11.[0m
2023.07.17 20:27:27 INFO  No mtags for 2.13.11.[0m
2023.07.17 20:27:27 INFO  No mtags for 2.13.11.[0m
2023.07.17 20:27:27 INFO  No mtags for 2.13.11.[0m
2023.07.17 20:27:27 INFO  No mtags for 2.13.11.[0m
2023.07.17 20:27:29 ERROR Failed to fetch mtags for 2.12.18
Error downloading org.scalameta:mtags_2.12.18:0.11.2
  not found: /home/facundoroot/.ivy2/local/org.scalameta/mtags_2.12.18/0.11.2/ivys/ivy.xml
  not found: https://repo1.maven.org/maven2/org/scalameta/mtags_2.12.18/0.11.2/mtags_2.12.18-0.11.2.pom
  not found: https://oss.sonatype.org/content/repositories/public/org/scalameta/mtags_2.12.18/0.11.2/mtags_2.12.18-0.11.2.pom
  not found: https://oss.sonatype.org/content/repositories/snapshots/org/scalameta/mtags_2.12.18/0.11.2/mtags_2.12.18-0.11.2.pom[0m
2023.07.17 20:27:30 ERROR Failed to fetch mtags for 2.12.18
Error downloading org.scalameta:mtags_2.12.18:0.11.2
  not found: /home/facundoroot/.ivy2/local/org.scalameta/mtags_2.12.18/0.11.2/ivys/ivy.xml
  not found: https://repo1.maven.org/maven2/org/scalameta/mtags_2.12.18/0.11.2/mtags_2.12.18-0.11.2.pom
  not found: https://oss.sonatype.org/content/repositories/public/org/scalameta/mtags_2.12.18/0.11.2/mtags_2.12.18-0.11.2.pom
  not found: https://oss.sonatype.org/content/repositories/snapshots/org/scalameta/mtags_2.12.18/0.11.2/mtags_2.12.18-0.11.2.pom[0m
2023.07.17 20:27:32 WARN  Could not find java sources in /usr/lib/jvm/src.zip, /usr/lib/jvm/lib/src.zip, /usr/lib/jvm/java-8-openjdk-amd64/src.zip, /usr/lib/jvm/java-8-openjdk-amd64/lib/src.zip. Java symbols will not be available.[0m
2023.07.17 20:27:32 INFO  time: indexed workspace in 15s[0m
2023.07.17 20:44:17 INFO  Shut down connection with build server.[0m
2023.07.17 20:44:17 INFO  Shut down connection with build server.[0m
2023.07.17 20:52:10 INFO  tracing is disabled for protocol LSP, to enable tracing of incoming and outgoing JSON messages create an empty file at /home/facundoroot/Documentos/scala/simple/.metals/lsp.trace.json or /home/facundoroot/.cache/metals/lsp.trace.json[0m
2023.07.17 20:52:11 INFO  logging to file /home/facundoroot/Documentos/scala/simple/.metals/metals.log[0m
2023.07.17 20:52:11 INFO  Started: Metals version 0.11.2 in workspace '/home/facundoroot/Documentos/scala/simple' for client coc.nvim 0.0.82.[0m
2023.07.17 20:52:12 INFO  time: initialize in 1.57s[0m
2023.07.17 20:52:13 INFO  Attempting to connect to the build server...[0m
2023.07.17 20:52:14 INFO  tracing is disabled for protocol BSP, to enable tracing of incoming and outgoing JSON messages create an empty file at /home/facundoroot/Documentos/scala/simple/.metals/bsp.trace.json or /home/facundoroot/.cache/metals/bsp.trace.json[0m
2023.07.17 20:52:15 WARN  Stopped configuration of Scala SemanticDB in 2.13.11 projects: Error downloading org.scalameta:semanticdb-scalac_2.13.11:4.5.0
  not found: /home/facundoroot/.ivy2/local/org.scalameta/semanticdb-scalac_2.13.11/4.5.0/ivys/ivy.xml
  not found: https://repo1.maven.org/maven2/org/scalameta/semanticdb-scalac_2.13.11/4.5.0/semanticdb-scalac_2.13.11-4.5.0.pom[0m
2023.07.17 20:52:15 INFO  Attempting to connect to the build server...[0m
2023.07.17 20:52:15 INFO  tracing is disabled for protocol BSP, to enable tracing of incoming and outgoing JSON messages create an empty file at /home/facundoroot/Documentos/scala/simple/project/.metals/bsp.trace.json or /home/facundoroot/.cache/metals/bsp.trace.json[0m
2023.07.17 20:52:15 INFO  time: Connected to build server in 1.76s[0m
2023.07.17 20:52:15 INFO  Connected to Build server: Bloop v1.4.13[0m
2023.07.17 20:52:19 ERROR Failed to fetch mtags for 2.13.11
Error downloading org.scalameta:mtags_2.13.11:0.11.2
  not found: /home/facundoroot/.ivy2/local/org.scalameta/mtags_2.13.11/0.11.2/ivys/ivy.xml
  not found: https://repo1.maven.org/maven2/org/scalameta/mtags_2.13.11/0.11.2/mtags_2.13.11-0.11.2.pom
  not found: https://oss.sonatype.org/content/repositories/public/org/scalameta/mtags_2.13.11/0.11.2/mtags_2.13.11-0.11.2.pom
  not found: https://oss.sonatype.org/content/repositories/snapshots/org/scalameta/mtags_2.13.11/0.11.2/mtags_2.13.11-0.11.2.pom[0m
2023.07.17 20:52:21 ERROR Failed to fetch mtags for 2.13.11
Error downloading org.scalameta:mtags_2.13.11:0.11.2
  not found: /home/facundoroot/.ivy2/local/org.scalameta/mtags_2.13.11/0.11.2/ivys/ivy.xml
  not found: https://repo1.maven.org/maven2/org/scalameta/mtags_2.13.11/0.11.2/mtags_2.13.11-0.11.2.pom
  not found: https://oss.sonatype.org/content/repositories/public/org/scalameta/mtags_2.13.11/0.11.2/mtags_2.13.11-0.11.2.pom
  not found: https://oss.sonatype.org/content/repositories/snapshots/org/scalameta/mtags_2.13.11/0.11.2/mtags_2.13.11-0.11.2.pom[0m
2023.07.17 20:52:23 ERROR Failed to fetch mtags for 2.13.11
Error downloading org.scalameta:mtags_2.13.11:0.11.2
  not found: /home/facundoroot/.ivy2/local/org.scalameta/mtags_2.13.11/0.11.2/ivys/ivy.xml
  not found: https://repo1.maven.org/maven2/org/scalameta/mtags_2.13.11/0.11.2/mtags_2.13.11-0.11.2.pom
  not found: https://oss.sonatype.org/content/repositories/public/org/scalameta/mtags_2.13.11/0.11.2/mtags_2.13.11-0.11.2.pom
  not found: https://oss.sonatype.org/content/repositories/snapshots/org/scalameta/mtags_2.13.11/0.11.2/mtags_2.13.11-0.11.2.pom[0m
2023.07.17 20:52:23 INFO  No mtags for 2.13.11.[0m
2023.07.17 20:52:25 ERROR Failed to fetch mtags for 2.12.18
Error downloading org.scalameta:mtags_2.12.18:0.11.2
  not found: /home/facundoroot/.ivy2/local/org.scalameta/mtags_2.12.18/0.11.2/ivys/ivy.xml
  not found: https://repo1.maven.org/maven2/org/scalameta/mtags_2.12.18/0.11.2/mtags_2.12.18-0.11.2.pom
  not found: https://oss.sonatype.org/content/repositories/public/org/scalameta/mtags_2.12.18/0.11.2/mtags_2.12.18-0.11.2.pom
  not found: https://oss.sonatype.org/content/repositories/snapshots/org/scalameta/mtags_2.12.18/0.11.2/mtags_2.12.18-0.11.2.pom[0m
2023.07.17 20:52:25 INFO  No mtags for 2.13.11.[0m
2023.07.17 20:52:25 INFO  No mtags for 2.13.11.[0m
2023.07.17 20:52:25 INFO  No mtags for 2.13.11.[0m
2023.07.17 20:52:25 INFO  No mtags for 2.13.11.[0m
2023.07.17 20:52:25 INFO  No mtags for 2.13.11.[0m
2023.07.17 20:52:25 INFO  No mtags for 2.13.11.[0m
2023.07.17 20:52:27 ERROR Failed to fetch mtags for 2.12.18
Error downloading org.scalameta:mtags_2.12.18:0.11.2
  not found: /home/facundoroot/.ivy2/local/org.scalameta/mtags_2.12.18/0.11.2/ivys/ivy.xml
  not found: https://repo1.maven.org/maven2/org/scalameta/mtags_2.12.18/0.11.2/mtags_2.12.18-0.11.2.pom
  not found: https://oss.sonatype.org/content/repositories/public/org/scalameta/mtags_2.12.18/0.11.2/mtags_2.12.18-0.11.2.pom
  not found: https://oss.sonatype.org/content/repositories/snapshots/org/scalameta/mtags_2.12.18/0.11.2/mtags_2.12.18-0.11.2.pom[0m
2023.07.17 20:52:29 INFO  Shut down connection with build server.[0m
2023.07.17 20:52:29 INFO  Shut down connection with build server.[0m
2023.07.17 20:56:58 INFO  Started: Metals version 0.11.2 in workspace '/home/facundoroot/Documentos/scala/simple' for client coc.nvim 0.0.82.[0m
2023.07.17 20:57:00 INFO  time: initialize in 1.7s[0m
2023.07.17 20:57:01 INFO  Attempting to connect to the build server...[0m
2023.07.17 20:57:01 INFO  tracing is disabled for protocol BSP, to enable tracing of incoming and outgoing JSON messages create an empty file at /home/facundoroot/Documentos/scala/simple/.metals/bsp.trace.json or /home/facundoroot/.cache/metals/bsp.trace.json[0m
2023.07.17 20:57:02 WARN  Stopped configuration of Scala SemanticDB in 2.13.11 projects: Error downloading org.scalameta:semanticdb-scalac_2.13.11:4.5.0
  not found: /home/facundoroot/.ivy2/local/org.scalameta/semanticdb-scalac_2.13.11/4.5.0/ivys/ivy.xml
  not found: https://repo1.maven.org/maven2/org/scalameta/semanticdb-scalac_2.13.11/4.5.0/semanticdb-scalac_2.13.11-4.5.0.pom[0m
2023.07.17 20:57:01 INFO  Attempting to connect to the build server...[0m
2023.07.17 20:57:01 INFO  tracing is disabled for protocol BSP, to enable tracing of incoming and outgoing JSON messages create an empty file at /home/facundoroot/Documentos/scala/simple/project/.metals/bsp.trace.json or /home/facundoroot/.cache/metals/bsp.trace.json[0m
2023.07.17 20:57:02 INFO  time: Connected to build server in 1.41s[0m
2023.07.17 20:57:02 INFO  Connected to Build server: Bloop v1.4.13[0m
2023.07.17 20:57:06 ERROR Failed to fetch mtags for 2.13.11
Error downloading org.scalameta:mtags_2.13.11:0.11.2
  not found: /home/facundoroot/.ivy2/local/org.scalameta/mtags_2.13.11/0.11.2/ivys/ivy.xml
  not found: https://repo1.maven.org/maven2/org/scalameta/mtags_2.13.11/0.11.2/mtags_2.13.11-0.11.2.pom
  not found: https://oss.sonatype.org/content/repositories/public/org/scalameta/mtags_2.13.11/0.11.2/mtags_2.13.11-0.11.2.pom
  not found: https://oss.sonatype.org/content/repositories/snapshots/org/scalameta/mtags_2.13.11/0.11.2/mtags_2.13.11-0.11.2.pom[0m
2023.07.17 20:57:08 ERROR Failed to fetch mtags for 2.13.11
Error downloading org.scalameta:mtags_2.13.11:0.11.2
  not found: /home/facundoroot/.ivy2/local/org.scalameta/mtags_2.13.11/0.11.2/ivys/ivy.xml
  not found: https://repo1.maven.org/maven2/org/scalameta/mtags_2.13.11/0.11.2/mtags_2.13.11-0.11.2.pom
  not found: https://oss.sonatype.org/content/repositories/public/org/scalameta/mtags_2.13.11/0.11.2/mtags_2.13.11-0.11.2.pom
  not found: https://oss.sonatype.org/content/repositories/snapshots/org/scalameta/mtags_2.13.11/0.11.2/mtags_2.13.11-0.11.2.pom[0m
2023.07.17 20:57:10 ERROR Failed to fetch mtags for 2.13.11
Error downloading org.scalameta:mtags_2.13.11:0.11.2
  not found: /home/facundoroot/.ivy2/local/org.scalameta/mtags_2.13.11/0.11.2/ivys/ivy.xml
  not found: https://repo1.maven.org/maven2/org/scalameta/mtags_2.13.11/0.11.2/mtags_2.13.11-0.11.2.pom
  not found: https://oss.sonatype.org/content/repositories/public/org/scalameta/mtags_2.13.11/0.11.2/mtags_2.13.11-0.11.2.pom
  not found: https://oss.sonatype.org/content/repositories/snapshots/org/scalameta/mtags_2.13.11/0.11.2/mtags_2.13.11-0.11.2.pom[0m
2023.07.17 20:57:10 INFO  No mtags for 2.13.11.[0m
2023.07.17 20:57:12 ERROR Failed to fetch mtags for 2.12.18
Error downloading org.scalameta:mtags_2.12.18:0.11.2
  not found: /home/facundoroot/.ivy2/local/org.scalameta/mtags_2.12.18/0.11.2/ivys/ivy.xml
  not found: https://repo1.maven.org/maven2/org/scalameta/mtags_2.12.18/0.11.2/mtags_2.12.18-0.11.2.pom
  not found: https://oss.sonatype.org/content/repositories/public/org/scalameta/mtags_2.12.18/0.11.2/mtags_2.12.18-0.11.2.pom
  not found: https://oss.sonatype.org/content/repositories/snapshots/org/scalameta/mtags_2.12.18/0.11.2/mtags_2.12.18-0.11.2.pom[0m
2023.07.17 20:57:12 INFO  No mtags for 2.13.11.[0m
2023.07.17 20:57:12 INFO  No mtags for 2.13.11.[0m
2023.07.17 20:57:12 INFO  No mtags for 2.13.11.[0m
2023.07.17 20:57:12 INFO  No mtags for 2.13.11.[0m
2023.07.17 20:57:12 INFO  No mtags for 2.13.11.[0m
2023.07.17 20:57:12 INFO  No mtags for 2.13.11.[0m
2023.07.17 20:57:14 ERROR Failed to fetch mtags for 2.12.18
Error downloading org.scalameta:mtags_2.12.18:0.11.2
  not found: /home/facundoroot/.ivy2/local/org.scalameta/mtags_2.12.18/0.11.2/ivys/ivy.xml
  not found: https://repo1.maven.org/maven2/org/scalameta/mtags_2.12.18/0.11.2/mtags_2.12.18-0.11.2.pom
  not found: https://oss.sonatype.org/content/repositories/public/org/scalameta/mtags_2.12.18/0.11.2/mtags_2.12.18-0.11.2.pom
  not found: https://oss.sonatype.org/content/repositories/snapshots/org/scalameta/mtags_2.12.18/0.11.2/mtags_2.12.18-0.11.2.pom[0m
2023.07.17 20:57:16 ERROR Failed to fetch mtags for 2.12.18
Error downloading org.scalameta:mtags_2.12.18:0.11.2
  not found: /home/facundoroot/.ivy2/local/org.scalameta/mtags_2.12.18/0.11.2/ivys/ivy.xml
  not found: https://repo1.maven.org/maven2/org/scalameta/mtags_2.12.18/0.11.2/mtags_2.12.18-0.11.2.pom
  not found: https://oss.sonatype.org/content/repositories/public/org/scalameta/mtags_2.12.18/0.11.2/mtags_2.12.18-0.11.2.pom
  not found: https://oss.sonatype.org/content/repositories/snapshots/org/scalameta/mtags_2.12.18/0.11.2/mtags_2.12.18-0.11.2.pom[0m
2023.07.17 20:57:18 WARN  Could not find java sources in /usr/lib/jvm/src.zip, /usr/lib/jvm/lib/src.zip, /usr/lib/jvm/java-8-openjdk-amd64/src.zip, /usr/lib/jvm/java-8-openjdk-amd64/lib/src.zip. Java symbols will not be available.[0m
2023.07.17 20:57:18 INFO  time: indexed workspace in 16s[0m
2023.07.17 20:57:18 INFO  No mtags for 2.13.11.[0m
2023.07.17 20:57:18 WARN  unsupported Scala 2.13.11[0m
2023.07.17 20:57:19 INFO  compiling root (3 scala sources)[0m
2023.07.17 20:57:23 INFO  time: compiled root in 4.13s[0m
2023.07.17 20:57:23 INFO  No mtags for 2.13.11.[0m
2023.07.17 20:57:23 WARN  unsupported Scala 2.13.11[0m
2023.07.17 20:57:23 INFO  compiling root (3 scala sources)[0m
2023.07.17 20:57:26 INFO  time: compiled root in 2.98s[0m
2023.07.17 20:57:47 INFO  No mtags for 2.13.11.[0m
2023.07.17 20:57:47 WARN  unsupported Scala 2.13.11[0m
Jul 17, 2023 8:57:47 PM scala.meta.internal.pc.CompilerAccess handleError
SEVERE: empty.reduceRight
java.lang.UnsupportedOperationException: empty.reduceRight
	at scala.collection.IterableOnceOps.reduceRight(IterableOnce.scala:758)
	at scala.collection.IterableOnceOps.reduceRight$(IterableOnce.scala:755)
	at scala.collection.AbstractIterable.reduceRight(Iterable.scala:926)
	at scala.meta.internal.pc.SelectionRangeProvider.$anonfun$selectionRange$1(SelectionRangeProvider.scala:50)
	at scala.collection.immutable.List.map(List.scala:246)
	at scala.meta.internal.pc.SelectionRangeProvider.selectionRange(SelectionRangeProvider.scala:29)

2023.07.17 20:57:47 INFO  No mtags for 2.13.11.[0m
2023.07.17 20:57:47 WARN  unsupported Scala 2.13.11[0m
2023.07.17 20:57:48 INFO  No mtags for 2.13.11.[0m
2023.07.17 20:57:48 WARN  unsupported Scala 2.13.11[0m
2023.07.17 20:57:48 INFO  No mtags for 2.13.11.[0m
2023.07.17 20:57:48 WARN  unsupported Scala 2.13.11[0m
2023.07.17 20:57:48 INFO  No mtags for 2.13.11.[0m
2023.07.17 20:57:48 WARN  unsupported Scala 2.13.11[0m
2023.07.17 20:57:48 INFO  No mtags for 2.13.11.[0m
2023.07.17 20:57:48 WARN  unsupported Scala 2.13.11[0m
2023.07.17 20:57:50 INFO  No mtags for 2.13.11.[0m
2023.07.17 20:57:50 WARN  unsupported Scala 2.13.11[0m
2023.07.17 20:57:50 INFO  No mtags for 2.13.11.[0m
2023.07.17 20:57:50 WARN  unsupported Scala 2.13.11[0m
2023.07.17 20:57:50 INFO  No mtags for 2.13.11.[0m
2023.07.17 20:57:50 WARN  unsupported Scala 2.13.11[0m
2023.07.17 20:57:50 INFO  No mtags for 2.13.11.[0m
2023.07.17 20:57:50 WARN  unsupported Scala 2.13.11[0m
2023.07.17 20:57:50 INFO  No mtags for 2.13.11.[0m
2023.07.17 20:57:50 WARN  unsupported Scala 2.13.11[0m
2023.07.17 20:57:50 INFO  No mtags for 2.13.11.[0m
2023.07.17 20:57:50 WARN  unsupported Scala 2.13.11[0m
2023.07.17 20:57:50 INFO  No mtags for 2.13.11.[0m
2023.07.17 20:57:50 WARN  unsupported Scala 2.13.11[0m
2023.07.17 20:57:50 INFO  No mtags for 2.13.11.[0m
2023.07.17 20:57:50 WARN  unsupported Scala 2.13.11[0m
2023.07.17 20:57:53 INFO  No mtags for 2.13.11.[0m
2023.07.17 20:57:53 WARN  unsupported Scala 2.13.11[0m
2023.07.17 20:57:53 INFO  No mtags for 2.13.11.[0m
2023.07.17 20:57:53 WARN  unsupported Scala 2.13.11[0m
2023.07.17 20:57:53 INFO  No mtags for 2.13.11.[0m
2023.07.17 20:57:53 WARN  unsupported Scala 2.13.11[0m
2023.07.17 20:57:53 INFO  No mtags for 2.13.11.[0m
2023.07.17 20:57:53 WARN  unsupported Scala 2.13.11[0m
2023.07.17 20:57:54 INFO  No mtags for 2.13.11.[0m
2023.07.17 20:57:54 WARN  unsupported Scala 2.13.11[0m
2023.07.17 20:57:54 INFO  No mtags for 2.13.11.[0m
2023.07.17 20:57:54 WARN  unsupported Scala 2.13.11[0m
2023.07.17 20:57:54 INFO  No mtags for 2.13.11.[0m
2023.07.17 20:57:54 WARN  unsupported Scala 2.13.11[0m
2023.07.17 20:57:54 INFO  No mtags for 2.13.11.[0m
2023.07.17 20:57:54 WARN  unsupported Scala 2.13.11[0m
2023.07.17 20:57:54 INFO  No mtags for 2.13.11.[0m
2023.07.17 20:57:54 WARN  unsupported Scala 2.13.11[0m
2023.07.17 20:57:54 INFO  No mtags for 2.13.11.[0m
2023.07.17 20:57:54 WARN  unsupported Scala 2.13.11[0m
2023.07.17 20:58:07 INFO  No mtags for 2.13.11.[0m
2023.07.17 20:58:07 WARN  unsupported Scala 2.13.11[0m
2023.07.17 20:58:07 INFO  No mtags for 2.13.11.[0m
2023.07.17 20:58:07 WARN  unsupported Scala 2.13.11[0m
2023.07.17 20:58:07 INFO  No mtags for 2.13.11.[0m
2023.07.17 20:58:07 WARN  unsupported Scala 2.13.11[0m
2023.07.17 20:58:07 INFO  No mtags for 2.13.11.[0m
2023.07.17 20:58:07 WARN  unsupported Scala 2.13.11[0m
2023.07.17 20:58:15 INFO  No mtags for 2.13.11.[0m
2023.07.17 20:58:15 WARN  unsupported Scala 2.13.11[0m
2023.07.17 20:58:15 INFO  compiling root (3 scala sources)[0m
2023.07.17 20:58:15 INFO  Shut down connection with build server.[0m
2023.07.17 20:58:15 INFO  Shut down connection with build server.[0m
2023.07.17 21:01:19 INFO  Started: Metals version 0.11.2 in workspace '/home/facundoroot/Documentos/scala/simple' for client coc.nvim 0.0.82.[0m
2023.07.17 21:01:21 INFO  time: initialize in 1.78s[0m
2023.07.17 21:01:22 INFO  Attempting to connect to the build server...[0m
2023.07.17 21:01:22 INFO  skipping build import with status 'Requested'[0m
2023.07.17 21:01:22 INFO  tracing is disabled for protocol BSP, to enable tracing of incoming and outgoing JSON messages create an empty file at /home/facundoroot/Documentos/scala/simple/.metals/bsp.trace.json or /home/facundoroot/.cache/metals/bsp.trace.json[0m
2023.07.17 21:01:24 WARN  Stopped configuration of Scala SemanticDB in 2.13.11 projects: Error downloading org.scalameta:semanticdb-scalac_2.13.11:4.5.0
  not found: /home/facundoroot/.ivy2/local/org.scalameta/semanticdb-scalac_2.13.11/4.5.0/ivys/ivy.xml
  not found: https://repo1.maven.org/maven2/org/scalameta/semanticdb-scalac_2.13.11/4.5.0/semanticdb-scalac_2.13.11-4.5.0.pom[0m
2023.07.17 21:01:24 INFO  Attempting to connect to the build server...[0m
2023.07.17 21:01:24 INFO  tracing is disabled for protocol BSP, to enable tracing of incoming and outgoing JSON messages create an empty file at /home/facundoroot/Documentos/scala/simple/project/.metals/bsp.trace.json or /home/facundoroot/.cache/metals/bsp.trace.json[0m
2023.07.17 21:01:24 INFO  time: Connected to build server in 1.79s[0m
2023.07.17 21:01:24 INFO  Connected to Build server: Bloop v1.4.13[0m
2023.07.17 21:01:28 ERROR Failed to fetch mtags for 2.13.11
Error downloading org.scalameta:mtags_2.13.11:0.11.2
  not found: /home/facundoroot/.ivy2/local/org.scalameta/mtags_2.13.11/0.11.2/ivys/ivy.xml
  not found: https://repo1.maven.org/maven2/org/scalameta/mtags_2.13.11/0.11.2/mtags_2.13.11-0.11.2.pom
  not found: https://oss.sonatype.org/content/repositories/public/org/scalameta/mtags_2.13.11/0.11.2/mtags_2.13.11-0.11.2.pom
  not found: https://oss.sonatype.org/content/repositories/snapshots/org/scalameta/mtags_2.13.11/0.11.2/mtags_2.13.11-0.11.2.pom[0m
2023.07.17 21:01:30 ERROR Failed to fetch mtags for 2.13.11
Error downloading org.scalameta:mtags_2.13.11:0.11.2
  not found: /home/facundoroot/.ivy2/local/org.scalameta/mtags_2.13.11/0.11.2/ivys/ivy.xml
  not found: https://repo1.maven.org/maven2/org/scalameta/mtags_2.13.11/0.11.2/mtags_2.13.11-0.11.2.pom
  not found: https://oss.sonatype.org/content/repositories/public/org/scalameta/mtags_2.13.11/0.11.2/mtags_2.13.11-0.11.2.pom
  not found: https://oss.sonatype.org/content/repositories/snapshots/org/scalameta/mtags_2.13.11/0.11.2/mtags_2.13.11-0.11.2.pom[0m
2023.07.17 21:01:32 ERROR Failed to fetch mtags for 2.13.11
Error downloading org.scalameta:mtags_2.13.11:0.11.2
  not found: /home/facundoroot/.ivy2/local/org.scalameta/mtags_2.13.11/0.11.2/ivys/ivy.xml
  not found: https://repo1.maven.org/maven2/org/scalameta/mtags_2.13.11/0.11.2/mtags_2.13.11-0.11.2.pom
  not found: https://oss.sonatype.org/content/repositories/public/org/scalameta/mtags_2.13.11/0.11.2/mtags_2.13.11-0.11.2.pom
  not found: https://oss.sonatype.org/content/repositories/snapshots/org/scalameta/mtags_2.13.11/0.11.2/mtags_2.13.11-0.11.2.pom[0m
2023.07.17 21:01:32 INFO  No mtags for 2.13.11.[0m
2023.07.17 21:01:34 ERROR Failed to fetch mtags for 2.12.18
Error downloading org.scalameta:mtags_2.12.18:0.11.2
  not found: /home/facundoroot/.ivy2/local/org.scalameta/mtags_2.12.18/0.11.2/ivys/ivy.xml
  not found: https://repo1.maven.org/maven2/org/scalameta/mtags_2.12.18/0.11.2/mtags_2.12.18-0.11.2.pom
  not found: https://oss.sonatype.org/content/repositories/public/org/scalameta/mtags_2.12.18/0.11.2/mtags_2.12.18-0.11.2.pom
  not found: https://oss.sonatype.org/content/repositories/snapshots/org/scalameta/mtags_2.12.18/0.11.2/mtags_2.12.18-0.11.2.pom[0m
2023.07.17 21:01:34 INFO  No mtags for 2.13.11.[0m
2023.07.17 21:01:34 INFO  No mtags for 2.13.11.[0m
2023.07.17 21:01:34 INFO  No mtags for 2.13.11.[0m
2023.07.17 21:01:34 INFO  No mtags for 2.13.11.[0m
2023.07.17 21:01:34 INFO  No mtags for 2.13.11.[0m
2023.07.17 21:01:34 INFO  No mtags for 2.13.11.[0m
2023.07.17 21:01:36 ERROR Failed to fetch mtags for 2.12.18
Error downloading org.scalameta:mtags_2.12.18:0.11.2
  not found: /home/facundoroot/.ivy2/local/org.scalameta/mtags_2.12.18/0.11.2/ivys/ivy.xml
  not found: https://repo1.maven.org/maven2/org/scalameta/mtags_2.12.18/0.11.2/mtags_2.12.18-0.11.2.pom
  not found: https://oss.sonatype.org/content/repositories/public/org/scalameta/mtags_2.12.18/0.11.2/mtags_2.12.18-0.11.2.pom
  not found: https://oss.sonatype.org/content/repositories/snapshots/org/scalameta/mtags_2.12.18/0.11.2/mtags_2.12.18-0.11.2.pom[0m
2023.07.17 21:01:38 ERROR Failed to fetch mtags for 2.12.18
Error downloading org.scalameta:mtags_2.12.18:0.11.2
  not found: /home/facundoroot/.ivy2/local/org.scalameta/mtags_2.12.18/0.11.2/ivys/ivy.xml
  not found: https://repo1.maven.org/maven2/org/scalameta/mtags_2.12.18/0.11.2/mtags_2.12.18-0.11.2.pom
  not found: https://oss.sonatype.org/content/repositories/public/org/scalameta/mtags_2.12.18/0.11.2/mtags_2.12.18-0.11.2.pom
  not found: https://oss.sonatype.org/content/repositories/snapshots/org/scalameta/mtags_2.12.18/0.11.2/mtags_2.12.18-0.11.2.pom[0m
2023.07.17 21:01:40 WARN  Could not find java sources in /usr/lib/jvm/src.zip, /usr/lib/jvm/lib/src.zip, /usr/lib/jvm/java-8-openjdk-amd64/src.zip, /usr/lib/jvm/java-8-openjdk-amd64/lib/src.zip. Java symbols will not be available.[0m
2023.07.17 21:01:40 INFO  time: indexed workspace in 16s[0m
2023.07.17 21:01:40 INFO  No mtags for 2.13.11.[0m
2023.07.17 21:01:40 WARN  unsupported Scala 2.13.11[0m
2023.07.17 21:01:40 INFO  compiling root (3 scala sources)[0m
2023.07.17 21:01:43 INFO  time: compiled root in 2.93s[0m
2023.07.17 21:01:43 INFO  No mtags for 2.13.11.[0m
2023.07.17 21:01:43 WARN  unsupported Scala 2.13.11[0m
2023.07.17 21:01:43 INFO  compiling root (3 scala sources)[0m
2023.07.17 21:01:45 INFO  time: compiled root in 1.81s[0m
2023.07.17 21:02:30 INFO  No mtags for 2.13.11.[0m
2023.07.17 21:02:30 WARN  unsupported Scala 2.13.11[0m
2023.07.17 21:02:30 INFO  compiling root (3 scala sources)[0m
2023.07.17 21:02:30 INFO  Shut down connection with build server.[0m
2023.07.17 21:02:30 INFO  Shut down connection with build server.[0m
2023.07.17 21:02:52 INFO  Started: Metals version 0.11.2 in workspace '/home/facundoroot/Documentos/scala/simple' for client coc.nvim 0.0.82.[0m
2023.07.17 21:02:54 INFO  time: initialize in 1.5s[0m
2023.07.17 21:02:55 INFO  Attempting to connect to the build server...[0m
2023.07.17 21:02:55 INFO  skipping build import with status 'Requested'[0m
2023.07.17 21:02:55 INFO  tracing is disabled for protocol BSP, to enable tracing of incoming and outgoing JSON messages create an empty file at /home/facundoroot/Documentos/scala/simple/.metals/bsp.trace.json or /home/facundoroot/.cache/metals/bsp.trace.json[0m
2023.07.17 21:02:56 WARN  Stopped configuration of Scala SemanticDB in 2.13.11 projects: Error downloading org.scalameta:semanticdb-scalac_2.13.11:4.5.0
  not found: /home/facundoroot/.ivy2/local/org.scalameta/semanticdb-scalac_2.13.11/4.5.0/ivys/ivy.xml
  not found: https://repo1.maven.org/maven2/org/scalameta/semanticdb-scalac_2.13.11/4.5.0/semanticdb-scalac_2.13.11-4.5.0.pom[0m
2023.07.17 21:02:55 INFO  Attempting to connect to the build server...[0m
2023.07.17 21:02:56 INFO  tracing is disabled for protocol BSP, to enable tracing of incoming and outgoing JSON messages create an empty file at /home/facundoroot/Documentos/scala/simple/project/.metals/bsp.trace.json or /home/facundoroot/.cache/metals/bsp.trace.json[0m
2023.07.17 21:02:56 INFO  time: Connected to build server in 1.45s[0m
2023.07.17 21:02:56 INFO  Connected to Build server: Bloop v1.4.13[0m
2023.07.17 21:03:01 ERROR Failed to fetch mtags for 2.13.11
Error downloading org.scalameta:mtags_2.13.11:0.11.2
  not found: /home/facundoroot/.ivy2/local/org.scalameta/mtags_2.13.11/0.11.2/ivys/ivy.xml
  not found: https://repo1.maven.org/maven2/org/scalameta/mtags_2.13.11/0.11.2/mtags_2.13.11-0.11.2.pom
  not found: https://oss.sonatype.org/content/repositories/public/org/scalameta/mtags_2.13.11/0.11.2/mtags_2.13.11-0.11.2.pom
  not found: https://oss.sonatype.org/content/repositories/snapshots/org/scalameta/mtags_2.13.11/0.11.2/mtags_2.13.11-0.11.2.pom[0m
2023.07.17 21:03:03 ERROR Failed to fetch mtags for 2.13.11
Error downloading org.scalameta:mtags_2.13.11:0.11.2
  not found: /home/facundoroot/.ivy2/local/org.scalameta/mtags_2.13.11/0.11.2/ivys/ivy.xml
  not found: https://repo1.maven.org/maven2/org/scalameta/mtags_2.13.11/0.11.2/mtags_2.13.11-0.11.2.pom
  not found: https://oss.sonatype.org/content/repositories/public/org/scalameta/mtags_2.13.11/0.11.2/mtags_2.13.11-0.11.2.pom
  not found: https://oss.sonatype.org/content/repositories/snapshots/org/scalameta/mtags_2.13.11/0.11.2/mtags_2.13.11-0.11.2.pom[0m
2023.07.17 21:03:05 ERROR Failed to fetch mtags for 2.13.11
Error downloading org.scalameta:mtags_2.13.11:0.11.2
  not found: /home/facundoroot/.ivy2/local/org.scalameta/mtags_2.13.11/0.11.2/ivys/ivy.xml
  not found: https://repo1.maven.org/maven2/org/scalameta/mtags_2.13.11/0.11.2/mtags_2.13.11-0.11.2.pom
  not found: https://oss.sonatype.org/content/repositories/public/org/scalameta/mtags_2.13.11/0.11.2/mtags_2.13.11-0.11.2.pom
  not found: https://oss.sonatype.org/content/repositories/snapshots/org/scalameta/mtags_2.13.11/0.11.2/mtags_2.13.11-0.11.2.pom[0m
2023.07.17 21:03:05 INFO  No mtags for 2.13.11.[0m
2023.07.17 21:03:07 ERROR Failed to fetch mtags for 2.12.18
Error downloading org.scalameta:mtags_2.12.18:0.11.2
  not found: /home/facundoroot/.ivy2/local/org.scalameta/mtags_2.12.18/0.11.2/ivys/ivy.xml
  not found: https://repo1.maven.org/maven2/org/scalameta/mtags_2.12.18/0.11.2/mtags_2.12.18-0.11.2.pom
  not found: https://oss.sonatype.org/content/repositories/public/org/scalameta/mtags_2.12.18/0.11.2/mtags_2.12.18-0.11.2.pom
  not found: https://oss.sonatype.org/content/repositories/snapshots/org/scalameta/mtags_2.12.18/0.11.2/mtags_2.12.18-0.11.2.pom[0m
2023.07.17 21:03:07 INFO  No mtags for 2.13.11.[0m
2023.07.17 21:03:07 INFO  No mtags for 2.13.11.[0m
2023.07.17 21:03:07 INFO  No mtags for 2.13.11.[0m
2023.07.17 21:03:07 INFO  No mtags for 2.13.11.[0m
2023.07.17 21:03:07 INFO  No mtags for 2.13.11.[0m
2023.07.17 21:03:07 INFO  No mtags for 2.13.11.[0m
2023.07.17 21:03:09 ERROR Failed to fetch mtags for 2.12.18
Error downloading org.scalameta:mtags_2.12.18:0.11.2
  not found: /home/facundoroot/.ivy2/local/org.scalameta/mtags_2.12.18/0.11.2/ivys/ivy.xml
  not found: https://repo1.maven.org/maven2/org/scalameta/mtags_2.12.18/0.11.2/mtags_2.12.18-0.11.2.pom
  not found: https://oss.sonatype.org/content/repositories/public/org/scalameta/mtags_2.12.18/0.11.2/mtags_2.12.18-0.11.2.pom
  not found: https://oss.sonatype.org/content/repositories/snapshots/org/scalameta/mtags_2.12.18/0.11.2/mtags_2.12.18-0.11.2.pom[0m
2023.07.17 21:03:11 ERROR Failed to fetch mtags for 2.12.18
Error downloading org.scalameta:mtags_2.12.18:0.11.2
  not found: /home/facundoroot/.ivy2/local/org.scalameta/mtags_2.12.18/0.11.2/ivys/ivy.xml
  not found: https://repo1.maven.org/maven2/org/scalameta/mtags_2.12.18/0.11.2/mtags_2.12.18-0.11.2.pom
  not found: https://oss.sonatype.org/content/repositories/public/org/scalameta/mtags_2.12.18/0.11.2/mtags_2.12.18-0.11.2.pom
  not found: https://oss.sonatype.org/content/repositories/snapshots/org/scalameta/mtags_2.12.18/0.11.2/mtags_2.12.18-0.11.2.pom[0m
2023.07.17 21:03:12 WARN  Could not find java sources in /usr/lib/jvm/src.zip, /usr/lib/jvm/lib/src.zip, /usr/lib/jvm/java-8-openjdk-amd64/src.zip, /usr/lib/jvm/java-8-openjdk-amd64/lib/src.zip. Java symbols will not be available.[0m
2023.07.17 21:03:12 INFO  time: indexed workspace in 16s[0m
2023.07.17 21:03:13 INFO  No mtags for 2.13.11.[0m
2023.07.17 21:03:13 WARN  unsupported Scala 2.13.11[0m
2023.07.17 21:03:13 INFO  compiling root (3 scala sources)[0m
2023.07.17 21:03:15 INFO  time: compiled root in 2.25s[0m
2023.07.17 21:03:15 INFO  No mtags for 2.13.11.[0m
2023.07.17 21:03:15 WARN  unsupported Scala 2.13.11[0m
2023.07.17 21:03:15 INFO  compiling root (3 scala sources)[0m
2023.07.17 21:03:16 INFO  time: compiled root in 1.01s[0m
2023.07.17 21:03:23 INFO  No mtags for 2.13.11.[0m
2023.07.17 21:03:23 WARN  unsupported Scala 2.13.11[0m
2023.07.17 21:03:23 INFO  compiling root (3 scala sources)[0m
2023.07.17 21:03:23 INFO  Shut down connection with build server.[0m
2023.07.17 21:03:23 INFO  Shut down connection with build server.[0m
2023.07.17 21:16:11 INFO  tracing is disabled for protocol LSP, to enable tracing of incoming and outgoing JSON messages create an empty file at /home/facundoroot/Documentos/scala/simple/.metals/lsp.trace.json or /home/facundoroot/.cache/metals/lsp.trace.json[0m
2023.07.17 21:16:12 INFO  logging to file /home/facundoroot/Documentos/scala/simple/.metals/metals.log[0m
2023.07.17 21:16:12 INFO  Started: Metals version 0.11.2 in workspace '/home/facundoroot/Documentos/scala/simple' for client coc.nvim 0.0.82.[0m
2023.07.17 21:16:13 INFO  time: initialize in 1.42s[0m
2023.07.17 21:16:14 INFO  Attempting to connect to the build server...[0m
2023.07.17 21:16:14 INFO  skipping build import with status 'Requested'[0m
2023.07.17 21:16:14 INFO  tracing is disabled for protocol BSP, to enable tracing of incoming and outgoing JSON messages create an empty file at /home/facundoroot/Documentos/scala/simple/.metals/bsp.trace.json or /home/facundoroot/.cache/metals/bsp.trace.json[0m
2023.07.17 21:16:16 WARN  Stopped configuration of Scala SemanticDB in 2.13.11 projects: Error downloading org.scalameta:semanticdb-scalac_2.13.11:4.5.0
  not found: /home/facundoroot/.ivy2/local/org.scalameta/semanticdb-scalac_2.13.11/4.5.0/ivys/ivy.xml
  not found: https://repo1.maven.org/maven2/org/scalameta/semanticdb-scalac_2.13.11/4.5.0/semanticdb-scalac_2.13.11-4.5.0.pom[0m
2023.07.17 21:16:16 INFO  Attempting to connect to the build server...[0m
2023.07.17 21:16:16 INFO  tracing is disabled for protocol BSP, to enable tracing of incoming and outgoing JSON messages create an empty file at /home/facundoroot/Documentos/scala/simple/project/.metals/bsp.trace.json or /home/facundoroot/.cache/metals/bsp.trace.json[0m
2023.07.17 21:16:16 INFO  time: Connected to build server in 1.79s[0m
2023.07.17 21:16:16 INFO  Connected to Build server: Bloop v1.4.13[0m
2023.07.17 21:16:20 ERROR Failed to fetch mtags for 2.13.11
Error downloading org.scalameta:mtags_2.13.11:0.11.2
  not found: /home/facundoroot/.ivy2/local/org.scalameta/mtags_2.13.11/0.11.2/ivys/ivy.xml
  not found: https://repo1.maven.org/maven2/org/scalameta/mtags_2.13.11/0.11.2/mtags_2.13.11-0.11.2.pom
  not found: https://oss.sonatype.org/content/repositories/public/org/scalameta/mtags_2.13.11/0.11.2/mtags_2.13.11-0.11.2.pom
  not found: https://oss.sonatype.org/content/repositories/snapshots/org/scalameta/mtags_2.13.11/0.11.2/mtags_2.13.11-0.11.2.pom[0m
2023.07.17 21:16:22 ERROR Failed to fetch mtags for 2.13.11
Error downloading org.scalameta:mtags_2.13.11:0.11.2
  not found: /home/facundoroot/.ivy2/local/org.scalameta/mtags_2.13.11/0.11.2/ivys/ivy.xml
  not found: https://repo1.maven.org/maven2/org/scalameta/mtags_2.13.11/0.11.2/mtags_2.13.11-0.11.2.pom
  not found: https://oss.sonatype.org/content/repositories/public/org/scalameta/mtags_2.13.11/0.11.2/mtags_2.13.11-0.11.2.pom
  not found: https://oss.sonatype.org/content/repositories/snapshots/org/scalameta/mtags_2.13.11/0.11.2/mtags_2.13.11-0.11.2.pom[0m
2023.07.17 21:16:24 ERROR Failed to fetch mtags for 2.13.11
Error downloading org.scalameta:mtags_2.13.11:0.11.2
  not found: /home/facundoroot/.ivy2/local/org.scalameta/mtags_2.13.11/0.11.2/ivys/ivy.xml
  not found: https://repo1.maven.org/maven2/org/scalameta/mtags_2.13.11/0.11.2/mtags_2.13.11-0.11.2.pom
  not found: https://oss.sonatype.org/content/repositories/public/org/scalameta/mtags_2.13.11/0.11.2/mtags_2.13.11-0.11.2.pom
  not found: https://oss.sonatype.org/content/repositories/snapshots/org/scalameta/mtags_2.13.11/0.11.2/mtags_2.13.11-0.11.2.pom[0m
2023.07.17 21:16:24 INFO  No mtags for 2.13.11.[0m
2023.07.17 21:16:26 ERROR Failed to fetch mtags for 2.12.18
Error downloading org.scalameta:mtags_2.12.18:0.11.2
  not found: /home/facundoroot/.ivy2/local/org.scalameta/mtags_2.12.18/0.11.2/ivys/ivy.xml
  not found: https://repo1.maven.org/maven2/org/scalameta/mtags_2.12.18/0.11.2/mtags_2.12.18-0.11.2.pom
  not found: https://oss.sonatype.org/content/repositories/public/org/scalameta/mtags_2.12.18/0.11.2/mtags_2.12.18-0.11.2.pom
  not found: https://oss.sonatype.org/content/repositories/snapshots/org/scalameta/mtags_2.12.18/0.11.2/mtags_2.12.18-0.11.2.pom[0m
2023.07.17 21:16:26 INFO  No mtags for 2.13.11.[0m
2023.07.17 21:16:26 INFO  No mtags for 2.13.11.[0m
2023.07.17 21:16:26 INFO  No mtags for 2.13.11.[0m
2023.07.17 21:16:26 INFO  No mtags for 2.13.11.[0m
2023.07.17 21:16:26 INFO  No mtags for 2.13.11.[0m
2023.07.17 21:16:26 INFO  No mtags for 2.13.11.[0m
2023.07.17 21:16:27 INFO  Shut down connection with build server.[0m
2023.07.17 21:16:27 INFO  Shut down connection with build server.[0m
java.util.concurrent.RejectedExecutionException: Task scala.concurrent.impl.CallbackRunnable@2ae58380 rejected from java.util.concurrent.ThreadPoolExecutor@192631bf[Shutting down, pool size = 2, active threads = 1, queued tasks = 0, completed tasks = 95]
	at java.util.concurrent.ThreadPoolExecutor$AbortPolicy.rejectedExecution(ThreadPoolExecutor.java:2063)
	at java.util.concurrent.ThreadPoolExecutor.reject(ThreadPoolExecutor.java:830)
	at java.util.concurrent.ThreadPoolExecutor.execute(ThreadPoolExecutor.java:1379)
	at scala.concurrent.impl.ExecutionContextImpl$$anon$4.execute(ExecutionContextImpl.scala:138)
	at scala.concurrent.impl.CallbackRunnable.executeWithValue(Promise.scala:72)
	at scala.concurrent.impl.Promise$KeptPromise$Kept.onComplete(Promise.scala:372)
	at scala.concurrent.impl.Promise$KeptPromise$Kept.onComplete$(Promise.scala:371)
	at scala.concurrent.impl.Promise$KeptPromise$Successful.onComplete(Promise.scala:379)
	at scala.concurrent.impl.Promise.transform(Promise.scala:33)
	at scala.concurrent.impl.Promise.transform$(Promise.scala:31)
	at scala.concurrent.impl.Promise$KeptPromise$Successful.transform(Promise.scala:379)
	at scala.concurrent.Future.map(Future.scala:292)
	at scala.concurrent.Future.map$(Future.scala:292)
	at scala.concurrent.impl.Promise$KeptPromise$Successful.map(Promise.scala:379)
	at scala.concurrent.Future$.apply(Future.scala:659)
	at scala.meta.internal.metals.MetalsLanguageServer.$anonfun$profiledIndexWorkspace$2(MetalsLanguageServer.scala:2405)
	at scala.runtime.java8.JFunction0$mcV$sp.apply(JFunction0$mcV$sp.java:23)
	at scala.meta.internal.metals.TimerProvider.timedThunk(TimerProvider.scala:25)
	at scala.meta.internal.metals.MetalsLanguageServer.$anonfun$profiledIndexWorkspace$1(MetalsLanguageServer.scala:2403)
	at scala.runtime.java8.JFunction0$mcV$sp.apply(JFunction0$mcV$sp.java:23)
	at scala.concurrent.Future$.$anonfun$apply$1(Future.scala:659)
	at scala.util.Success.$anonfun$map$1(Try.scala:255)
	at scala.util.Success.map(Try.scala:213)
	at scala.concurrent.Future.$anonfun$map$1(Future.scala:292)
	at scala.concurrent.impl.Promise.liftedTree1$1(Promise.scala:33)
	at scala.concurrent.impl.Promise.$anonfun$transform$1(Promise.scala:33)
	at scala.concurrent.impl.CallbackRunnable.run(Promise.scala:64)
	at java.util.concurrent.ThreadPoolExecutor.runWorker(ThreadPoolExecutor.java:1149)
	at java.util.concurrent.ThreadPoolExecutor$Worker.run(ThreadPoolExecutor.java:624)
	at java.lang.Thread.run(Thread.java:750)
Exception in thread "pool-1-thread-4" java.lang.Error: java.lang.InterruptedException
	at java.util.concurrent.ThreadPoolExecutor.runWorker(ThreadPoolExecutor.java:1155)
	at java.util.concurrent.ThreadPoolExecutor$Worker.run(ThreadPoolExecutor.java:624)
	at java.lang.Thread.run(Thread.java:750)
Caused by: java.lang.InterruptedException
	at java.util.concurrent.locks.AbstractQueuedSynchronizer.doAcquireSharedInterruptibly(AbstractQueuedSynchronizer.java:998)
	at java.util.concurrent.locks.AbstractQueuedSynchronizer.acquireSharedInterruptibly(AbstractQueuedSynchronizer.java:1304)
	at coursierapi.shaded.scala.concurrent.impl.Promise$DefaultPromise.tryAwait0(Promise.scala:243)
	at coursierapi.shaded.scala.concurrent.impl.Promise$DefaultPromise.result(Promise.scala:261)
	at coursierapi.shaded.scala.concurrent.Await$.$anonfun$result$1(package.scala:201)
	at coursierapi.shaded.scala.concurrent.BlockContext$DefaultBlockContext$.blockOn(BlockContext.scala:62)
	at coursierapi.shaded.scala.concurrent.Await$.result(package.scala:124)
	at coursierapi.shaded.coursier.Fetch$FetchTaskOps$.eitherResult$extension(Fetch.scala:327)
	at coursierapi.shaded.coursier.internal.api.ApiHelper$.doFetch(ApiHelper.scala:334)
	at coursierapi.shaded.coursier.internal.api.ApiHelper.doFetch(ApiHelper.scala)
	at coursierapi.Fetch.fetchResult(Fetch.java:244)
	at coursierapi.Fetch.fetch(Fetch.java:239)
	at scala.meta.internal.metals.Embedded$.downloadDependency(Embedded.scala:238)
	at scala.meta.internal.metals.Embedded$.downloadMtags(Embedded.scala:277)
	at scala.meta.internal.metals.MtagsResolver$Default.fetch$1(MtagsResolver.scala:40)
	at scala.meta.internal.metals.MtagsResolver$Default.$anonfun$resolve$3(MtagsResolver.scala:69)
	at java.util.concurrent.ConcurrentHashMap.compute(ConcurrentHashMap.java:1877)
	at scala.meta.internal.metals.MtagsResolver$Default.resolve(MtagsResolver.scala:63)
	at scala.meta.internal.metals.MtagsResolver.isSupportedScalaVersion(MtagsResolver.scala:13)
	at scala.meta.internal.metals.MtagsResolver.isSupportedScalaVersion$(MtagsResolver.scala:12)
	at scala.meta.internal.metals.MtagsResolver$Default.isSupportedScalaVersion(MtagsResolver.scala:20)
	at scala.meta.internal.metals.Doctor.extractScalaTargetInfo(Doctor.scala:447)
	at scala.meta.internal.metals.Doctor.extractTargetInfo(Doctor.scala:402)
	at scala.meta.internal.metals.Doctor.$anonfun$buildTargetsJson$2(Doctor.scala:255)
	at scala.collection.TraversableLike.$anonfun$flatMap$1(TraversableLike.scala:293)
	at scala.collection.Iterator.foreach(Iterator.scala:943)
	at scala.collection.Iterator.foreach$(Iterator.scala:943)
	at scala.collection.AbstractIterator.foreach(Iterator.scala:1431)
	at scala.collection.IterableLike.foreach(IterableLike.scala:74)
	at scala.collection.IterableLike.foreach$(IterableLike.scala:73)
	at scala.collection.AbstractIterable.foreach(Iterable.scala:56)
	at scala.collection.TraversableLike.flatMap(TraversableLike.scala:293)
	at scala.collection.TraversableLike.flatMap$(TraversableLike.scala:290)
	at scala.collection.AbstractTraversable.flatMap(Traversable.scala:108)
	at scala.meta.internal.metals.Doctor.buildTargetsJson(Doctor.scala:255)
	at scala.meta.internal.metals.Doctor.executeDoctor(Doctor.scala:112)
	at scala.meta.internal.metals.Doctor.executeRefreshDoctor(Doctor.scala:98)
	at scala.meta.internal.metals.Doctor.executeReloadDoctor(Doctor.scala:92)
	at scala.meta.internal.metals.Doctor.check(Doctor.scala:136)
	at scala.meta.internal.metals.MetalsLanguageServer.$anonfun$connectToNewBuildServer$8(MetalsLanguageServer.scala:2278)
	at scala.meta.internal.metals.MetalsLanguageServer.$anonfun$indexWorkspace$2(MetalsLanguageServer.scala:2471)
	at scala.meta.internal.metals.TimerProvider.timedThunk(TimerProvider.scala:25)
	at scala.meta.internal.metals.MetalsLanguageServer.indexWorkspace(MetalsLanguageServer.scala:2453)
	at scala.meta.internal.metals.MetalsLanguageServer.$anonfun$profiledIndexWorkspace$2(MetalsLanguageServer.scala:2403)
	at scala.runtime.java8.JFunction0$mcV$sp.apply(JFunction0$mcV$sp.java:23)
	at scala.meta.internal.metals.TimerProvider.timedThunk(TimerProvider.scala:25)
	at scala.meta.internal.metals.MetalsLanguageServer.$anonfun$profiledIndexWorkspace$1(MetalsLanguageServer.scala:2403)
	at scala.runtime.java8.JFunction0$mcV$sp.apply(JFunction0$mcV$sp.java:23)
	at scala.concurrent.Future$.$anonfun$apply$1(Future.scala:659)
	at scala.util.Success.$anonfun$map$1(Try.scala:255)
	at scala.util.Success.map(Try.scala:213)
	at scala.concurrent.Future.$anonfun$map$1(Future.scala:292)
	at scala.concurrent.impl.Promise.liftedTree1$1(Promise.scala:33)
	at scala.concurrent.impl.Promise.$anonfun$transform$1(Promise.scala:33)
	at scala.concurrent.impl.CallbackRunnable.run(Promise.scala:64)
	at java.util.concurrent.ThreadPoolExecutor.runWorker(ThreadPoolExecutor.java:1149)
	... 2 more
